[  0%] Built target geometry_msgs_generate_messages_py
[  0%] Built target std_msgs_generate_messages_py
[  0%] Built target std_msgs_generate_messages_nodejs
[  0%] Built target std_msgs_generate_messages_eus
[  0%] Built target sensor_msgs_generate_messages_lisp
[  0%] Built target geometry_msgs_generate_messages_nodejs
[  0%] Built target std_msgs_generate_messages_cpp
[  0%] Built target geometry_msgs_generate_messages_eus
[  0%] Built target sensor_msgs_generate_messages_py
[  0%] Built target geometry_msgs_generate_messages_lisp
[  0%] Built target std_msgs_generate_messages_lisp
[  0%] Built target sensor_msgs_generate_messages_cpp
[  0%] Built target sensor_msgs_generate_messages_eus
[  0%] Built target sensor_msgs_generate_messages_nodejs
[  0%] Built target geometry_msgs_generate_messages_cpp
[100%] Built target image_geometry
[36mInstall the project...[0m
-- Install configuration: ""
-- Installing: /home/nvidia/catkin_build_ws/install/_setup_util.py
-- Installing: /home/nvidia/catkin_build_ws/install/env.sh
-- Installing: /home/nvidia/catkin_build_ws/install/setup.bash
-- Installing: /home/nvidia/catkin_build_ws/install/local_setup.bash
-- Installing: /home/nvidia/catkin_build_ws/install/setup.sh
-- Installing: /home/nvidia/catkin_build_ws/install/local_setup.sh
-- Installing: /home/nvidia/catkin_build_ws/install/setup.zsh
-- Installing: /home/nvidia/catkin_build_ws/install/local_setup.zsh
-- Installing: /home/nvidia/catkin_build_ws/install/.rosinstall
-- Installing: /home/nvidia/catkin_build_ws/install/lib/pkgconfig/image_geometry.pc
-- Installing: /home/nvidia/catkin_build_ws/install/share/image_geometry/cmake/image_geometryConfig.cmake
-- Installing: /home/nvidia/catkin_build_ws/install/share/image_geometry/cmake/image_geometryConfig-version.cmake
-- Installing: /home/nvidia/catkin_build_ws/install/share/image_geometry/package.xml
+ cd /home/nvidia/catkin_build_ws/src/vision_opencv/image_geometry
+ mkdir -p /home/nvidia/catkin_build_ws/install/lib/python3/dist-packages
+ /usr/bin/env PYTHONPATH=/home/nvidia/catkin_build_ws/install/lib/python3/dist-packages:/home/nvidia/catkin_build_ws/build/image_geometry/lib/python3/dist-packages:/home/nvidia/catkin_build_ws/install/lib/python3/dist-packages:/opt/ros/melodic/lib/python2.7/dist-packages:/usr/local/lib CATKIN_BINARY_DIR=/home/nvidia/catkin_build_ws/build/image_geometry /usr/bin/python3 /home/nvidia/catkin_build_ws/src/vision_opencv/image_geometry/setup.py build --build-base /home/nvidia/catkin_build_ws/build/image_geometry install --install-layout=deb --prefix=/home/nvidia/catkin_build_ws/install --install-scripts=/home/nvidia/catkin_build_ws/install/bin
running build
running build_py
creating /home/nvidia/catkin_build_ws/build/image_geometry/lib
creating /home/nvidia/catkin_build_ws/build/image_geometry/lib/image_geometry
copying src/image_geometry/cameramodels.py -> /home/nvidia/catkin_build_ws/build/image_geometry/lib/image_geometry
copying src/image_geometry/__init__.py -> /home/nvidia/catkin_build_ws/build/image_geometry/lib/image_geometry
running install
running install_lib
creating /home/nvidia/catkin_build_ws/install/lib/python3/dist-packages/image_geometry
copying /home/nvidia/catkin_build_ws/build/image_geometry/lib/image_geometry/cameramodels.py -> /home/nvidia/catkin_build_ws/install/lib/python3/dist-packages/image_geometry
copying /home/nvidia/catkin_build_ws/build/image_geometry/lib/image_geometry/__init__.py -> /home/nvidia/catkin_build_ws/install/lib/python3/dist-packages/image_geometry
byte-compiling /home/nvidia/catkin_build_ws/install/lib/python3/dist-packages/image_geometry/cameramodels.py to cameramodels.cpython-36.pyc
byte-compiling /home/nvidia/catkin_build_ws/install/lib/python3/dist-packages/image_geometry/__init__.py to __init__.cpython-36.pyc
running install_egg_info
Writing /home/nvidia/catkin_build_ws/install/lib/python3/dist-packages/image_geometry-1.13.0.egg-info
-- Installing: /home/nvidia/catkin_build_ws/install/include/image_geometry/
-- Installing: /home/nvidia/catkin_build_ws/install/include/image_geometry//pinhole_camera_model.h
-- Installing: /home/nvidia/catkin_build_ws/install/include/image_geometry//stereo_camera_model.h
-- Installing: /home/nvidia/catkin_build_ws/install/lib/libimage_geometry.so
