Determining if the pthread_create exist failed with the following output:
Change Dir: /home/nvidia/catkin_build_ws/build/realsense2_description/CMakeFiles/CMakeTmp

Run Build Command:"/usr/bin/make" "cmTC_053dd/fast"
/usr/bin/make -f CMakeFiles/cmTC_053dd.dir/build.make CMakeFiles/cmTC_053dd.dir/build
make[1]: Entering directory '/home/nvidia/catkin_build_ws/build/realsense2_description/CMakeFiles/CMakeTmp'
Building C object CMakeFiles/cmTC_053dd.dir/CheckSymbolExists.c.o
/usr/bin/cc    -o CMakeFiles/cmTC_053dd.dir/CheckSymbolExists.c.o   -c /home/nvidia/catkin_build_ws/build/realsense2_description/CMakeFiles/CMakeTmp/CheckSymbolExists.c
Linking C executable cmTC_053dd
/home/nvidia/catkin_build_ws/src/kolt_ros/cmake-3.13.0/bin/cmake -E cmake_link_script CMakeFiles/cmTC_053dd.dir/link.txt --verbose=1
/usr/bin/cc      -rdynamic CMakeFiles/cmTC_053dd.dir/CheckSymbolExists.c.o  -o cmTC_053dd 
CMakeFiles/cmTC_053dd.dir/CheckSymbolExists.c.o: In function `main':
CheckSymbolExists.c:(.text+0x14): undefined reference to `pthread_create'
CheckSymbolExists.c:(.text+0x18): undefined reference to `pthread_create'
collect2: error: ld returned 1 exit status
CMakeFiles/cmTC_053dd.dir/build.make:86: recipe for target 'cmTC_053dd' failed
make[1]: *** [cmTC_053dd] Error 1
make[1]: Leaving directory '/home/nvidia/catkin_build_ws/build/realsense2_description/CMakeFiles/CMakeTmp'
Makefile:121: recipe for target 'cmTC_053dd/fast' failed
make: *** [cmTC_053dd/fast] Error 2

File /home/nvidia/catkin_build_ws/build/realsense2_description/CMakeFiles/CMakeTmp/CheckSymbolExists.c:
/* */
#include <pthread.h>

int main(int argc, char** argv)
{
  (void)argv;
#ifndef pthread_create
  return ((int*)(&pthread_create))[argc];
#else
  (void)argc;
  return 0;
#endif
}

Determining if the function pthread_create exists in the pthreads failed with the following output:
Change Dir: /home/nvidia/catkin_build_ws/build/realsense2_description/CMakeFiles/CMakeTmp

Run Build Command:"/usr/bin/make" "cmTC_61064/fast"
/usr/bin/make -f CMakeFiles/cmTC_61064.dir/build.make CMakeFiles/cmTC_61064.dir/build
make[1]: Entering directory '/home/nvidia/catkin_build_ws/build/realsense2_description/CMakeFiles/CMakeTmp'
Building C object CMakeFiles/cmTC_61064.dir/CheckFunctionExists.c.o
/usr/bin/cc   -DCHECK_FUNCTION_EXISTS=pthread_create   -o CMakeFiles/cmTC_61064.dir/CheckFunctionExists.c.o   -c /home/nvidia/catkin_build_ws/src/kolt_ros/cmake-3.13.0/Modules/CheckFunctionExists.c
Linking C executable cmTC_61064
/home/nvidia/catkin_build_ws/src/kolt_ros/cmake-3.13.0/bin/cmake -E cmake_link_script CMakeFiles/cmTC_61064.dir/link.txt --verbose=1
/usr/bin/cc  -DCHECK_FUNCTION_EXISTS=pthread_create    -rdynamic CMakeFiles/cmTC_61064.dir/CheckFunctionExists.c.o  -o cmTC_61064 -lpthreads 
/usr/bin/ld: cannot find -lpthreads
collect2: error: ld returned 1 exit status
CMakeFiles/cmTC_61064.dir/build.make:86: recipe for target 'cmTC_61064' failed
make[1]: *** [cmTC_61064] Error 1
make[1]: Leaving directory '/home/nvidia/catkin_build_ws/build/realsense2_description/CMakeFiles/CMakeTmp'
Makefile:121: recipe for target 'cmTC_61064/fast' failed
make: *** [cmTC_61064/fast] Error 2


