Determining if the pthread_create exist failed with the following output:
Change Dir: /home/nvidia/catkin_build_ws/build/catkin_tools_prebuild/CMakeFiles/CMakeTmp

Run Build Command:"/usr/bin/make" "cmTC_4f363/fast"
/usr/bin/make -f CMakeFiles/cmTC_4f363.dir/build.make CMakeFiles/cmTC_4f363.dir/build
make[1]: Entering directory '/home/nvidia/catkin_build_ws/build/catkin_tools_prebuild/CMakeFiles/CMakeTmp'
Building C object CMakeFiles/cmTC_4f363.dir/CheckSymbolExists.c.o
/usr/bin/cc    -o CMakeFiles/cmTC_4f363.dir/CheckSymbolExists.c.o   -c /home/nvidia/catkin_build_ws/build/catkin_tools_prebuild/CMakeFiles/CMakeTmp/CheckSymbolExists.c
Linking C executable cmTC_4f363
/home/nvidia/catkin_build_ws/src/kolt_ros/cmake-3.13.0/bin/cmake -E cmake_link_script CMakeFiles/cmTC_4f363.dir/link.txt --verbose=1
/usr/bin/cc      -rdynamic CMakeFiles/cmTC_4f363.dir/CheckSymbolExists.c.o  -o cmTC_4f363 
CMakeFiles/cmTC_4f363.dir/CheckSymbolExists.c.o: In function `main':
CheckSymbolExists.c:(.text+0x14): undefined reference to `pthread_create'
CheckSymbolExists.c:(.text+0x18): undefined reference to `pthread_create'
collect2: error: ld returned 1 exit status
CMakeFiles/cmTC_4f363.dir/build.make:86: recipe for target 'cmTC_4f363' failed
make[1]: *** [cmTC_4f363] Error 1
make[1]: Leaving directory '/home/nvidia/catkin_build_ws/build/catkin_tools_prebuild/CMakeFiles/CMakeTmp'
Makefile:121: recipe for target 'cmTC_4f363/fast' failed
make: *** [cmTC_4f363/fast] Error 2

File /home/nvidia/catkin_build_ws/build/catkin_tools_prebuild/CMakeFiles/CMakeTmp/CheckSymbolExists.c:
/* */
#include <pthread.h>

int main(int argc, char** argv)
{
  (void)argv;
#ifndef pthread_create
  return ((int*)(&pthread_create))[argc];
#else
  (void)argc;
  return 0;
#endif
}

Determining if the function pthread_create exists in the pthreads failed with the following output:
Change Dir: /home/nvidia/catkin_build_ws/build/catkin_tools_prebuild/CMakeFiles/CMakeTmp

Run Build Command:"/usr/bin/make" "cmTC_8bd63/fast"
/usr/bin/make -f CMakeFiles/cmTC_8bd63.dir/build.make CMakeFiles/cmTC_8bd63.dir/build
make[1]: Entering directory '/home/nvidia/catkin_build_ws/build/catkin_tools_prebuild/CMakeFiles/CMakeTmp'
Building C object CMakeFiles/cmTC_8bd63.dir/CheckFunctionExists.c.o
/usr/bin/cc   -DCHECK_FUNCTION_EXISTS=pthread_create   -o CMakeFiles/cmTC_8bd63.dir/CheckFunctionExists.c.o   -c /home/nvidia/catkin_build_ws/src/kolt_ros/cmake-3.13.0/Modules/CheckFunctionExists.c
Linking C executable cmTC_8bd63
/home/nvidia/catkin_build_ws/src/kolt_ros/cmake-3.13.0/bin/cmake -E cmake_link_script CMakeFiles/cmTC_8bd63.dir/link.txt --verbose=1
/usr/bin/cc  -DCHECK_FUNCTION_EXISTS=pthread_create    -rdynamic CMakeFiles/cmTC_8bd63.dir/CheckFunctionExists.c.o  -o cmTC_8bd63 -lpthreads 
/usr/bin/ld: cannot find -lpthreads
collect2: error: ld returned 1 exit status
CMakeFiles/cmTC_8bd63.dir/build.make:86: recipe for target 'cmTC_8bd63' failed
make[1]: *** [cmTC_8bd63] Error 1
make[1]: Leaving directory '/home/nvidia/catkin_build_ws/build/catkin_tools_prebuild/CMakeFiles/CMakeTmp'
Makefile:121: recipe for target 'cmTC_8bd63/fast' failed
make: *** [cmTC_8bd63/fast] Error 2


