[  0%] Built target _kolt_generate_messages_check_deps_ObjectLocationArray
[  0%] Built target std_msgs_generate_messages_lisp
[  0%] Built target geometry_msgs_generate_messages_lisp
[  0%] Built target _kolt_generate_messages_check_deps_YoloDetect
[  0%] Built target sensor_msgs_generate_messages_lisp
[  0%] Built target vision_msgs_generate_messages_lisp
[  0%] Built target _kolt_generate_messages_check_deps_ObjectLocation
[ 16%] Built target kolt_generate_messages_lisp
[ 16%] Built target sensor_msgs_generate_messages_eus
[ 16%] Built target vision_msgs_generate_messages_eus
[ 16%] Built target geometry_msgs_generate_messages_eus
[ 16%] Built target std_msgs_generate_messages_eus
[ 38%] Built target kolt_generate_messages_eus
[ 38%] Built target std_msgs_generate_messages_cpp
[ 38%] Built target sensor_msgs_generate_messages_cpp
[ 38%] Built target geometry_msgs_generate_messages_cpp
[ 38%] Built target vision_msgs_generate_messages_cpp
[ 55%] Built target kolt_generate_messages_cpp
[ 55%] Built target sensor_msgs_generate_messages_nodejs
[ 55%] Built target geometry_msgs_generate_messages_nodejs
[ 55%] Built target std_msgs_generate_messages_nodejs
[ 55%] Built target vision_msgs_generate_messages_nodejs
[ 72%] Built target kolt_generate_messages_nodejs
[ 72%] Built target sensor_msgs_generate_messages_py
[ 72%] Built target std_msgs_generate_messages_py
[ 72%] Built target vision_msgs_generate_messages_py
[ 72%] Built target geometry_msgs_generate_messages_py
[100%] Built target kolt_generate_messages_py
[100%] Built target kolt_generate_messages
[36mInstall the project...[0m
-- Install configuration: ""
-- Installing: /home/nvidia/catkin_build_ws/install/_setup_util.py
-- Installing: /home/nvidia/catkin_build_ws/install/env.sh
-- Installing: /home/nvidia/catkin_build_ws/install/setup.bash
-- Installing: /home/nvidia/catkin_build_ws/install/local_setup.bash
-- Installing: /home/nvidia/catkin_build_ws/install/setup.sh
-- Installing: /home/nvidia/catkin_build_ws/install/local_setup.sh
-- Installing: /home/nvidia/catkin_build_ws/install/setup.zsh
-- Installing: /home/nvidia/catkin_build_ws/install/local_setup.zsh
-- Installing: /home/nvidia/catkin_build_ws/install/.rosinstall
+ cd /home/nvidia/catkin_build_ws/src/kolt_ros
+ mkdir -p /home/nvidia/catkin_build_ws/install/lib/python3/dist-packages
+ /usr/bin/env PYTHONPATH=/home/nvidia/catkin_build_ws/install/lib/python3/dist-packages:/home/nvidia/catkin_build_ws/build/kolt/lib/python3/dist-packages:/home/nvidia/catkin_build_ws/install/lib/python3/dist-packages:/home/nvidia/catkin_ws/devel/lib/python3/dist-packages:/home/nvidia/catkin_build_ws/devel/lib/python3/dist-packages:/opt/ros/melodic/lib/python2.7/dist-packages:/usr/local/lib CATKIN_BINARY_DIR=/home/nvidia/catkin_build_ws/build/kolt /usr/bin/python3 /home/nvidia/catkin_build_ws/src/kolt_ros/setup.py build --build-base /home/nvidia/catkin_build_ws/build/kolt install --install-layout=deb --prefix=/home/nvidia/catkin_build_ws/install --install-scripts=/home/nvidia/catkin_build_ws/install/bin
running build
running build_py
copying src/core/utils2/ssd.py -> /home/nvidia/catkin_build_ws/build/kolt/lib/utils2
running install
running install_lib
copying /home/nvidia/catkin_build_ws/build/kolt/lib/utils2/ssd.py -> /home/nvidia/catkin_build_ws/install/lib/python3/dist-packages/utils2
byte-compiling /home/nvidia/catkin_build_ws/install/lib/python3/dist-packages/utils2/ssd.py to ssd.cpython-36.pyc
running install_egg_info
Removing /home/nvidia/catkin_build_ws/install/lib/python3/dist-packages/kolt-1.0.0.egg-info
Writing /home/nvidia/catkin_build_ws/install/lib/python3/dist-packages/kolt-1.0.0.egg-info
/usr/lib/python3.6/distutils/dist.py:261: UserWarning: Unknown distribution option: 'install_requires'
  warnings.warn(msg)
-- Up-to-date: /home/nvidia/catkin_build_ws/install/share/kolt/msg/ObjectLocation.msg
-- Up-to-date: /home/nvidia/catkin_build_ws/install/share/kolt/msg/ObjectLocationArray.msg
-- Up-to-date: /home/nvidia/catkin_build_ws/install/share/kolt/srv/YoloDetect.srv
-- Up-to-date: /home/nvidia/catkin_build_ws/install/share/kolt/cmake/kolt-msg-paths.cmake
-- Up-to-date: /home/nvidia/catkin_build_ws/install/include/kolt
-- Up-to-date: /home/nvidia/catkin_build_ws/install/include/kolt/ObjectLocation.h
-- Up-to-date: /home/nvidia/catkin_build_ws/install/include/kolt/YoloDetectRequest.h
-- Up-to-date: /home/nvidia/catkin_build_ws/install/include/kolt/ObjectLocationArray.h
-- Up-to-date: /home/nvidia/catkin_build_ws/install/include/kolt/YoloDetectResponse.h
-- Up-to-date: /home/nvidia/catkin_build_ws/install/include/kolt/YoloDetect.h
-- Up-to-date: /home/nvidia/catkin_build_ws/install/share/roseus/ros/kolt
-- Up-to-date: /home/nvidia/catkin_build_ws/install/share/roseus/ros/kolt/msg
-- Up-to-date: /home/nvidia/catkin_build_ws/install/share/roseus/ros/kolt/msg/ObjectLocation.l
-- Up-to-date: /home/nvidia/catkin_build_ws/install/share/roseus/ros/kolt/msg/ObjectLocationArray.l
-- Up-to-date: /home/nvidia/catkin_build_ws/install/share/roseus/ros/kolt/srv
-- Up-to-date: /home/nvidia/catkin_build_ws/install/share/roseus/ros/kolt/srv/YoloDetect.l
-- Up-to-date: /home/nvidia/catkin_build_ws/install/share/roseus/ros/kolt/manifest.l
-- Up-to-date: /home/nvidia/catkin_build_ws/install/share/common-lisp/ros/kolt
-- Up-to-date: /home/nvidia/catkin_build_ws/install/share/common-lisp/ros/kolt/msg
-- Up-to-date: /home/nvidia/catkin_build_ws/install/share/common-lisp/ros/kolt/msg/_package.lisp
-- Up-to-date: /home/nvidia/catkin_build_ws/install/share/common-lisp/ros/kolt/msg/_package_ObjectLocationArray.lisp
-- Up-to-date: /home/nvidia/catkin_build_ws/install/share/common-lisp/ros/kolt/msg/_package_ObjectLocation.lisp
-- Up-to-date: /home/nvidia/catkin_build_ws/install/share/common-lisp/ros/kolt/msg/ObjectLocation.lisp
-- Up-to-date: /home/nvidia/catkin_build_ws/install/share/common-lisp/ros/kolt/msg/ObjectLocationArray.lisp
-- Up-to-date: /home/nvidia/catkin_build_ws/install/share/common-lisp/ros/kolt/msg/kolt-msg.asd
-- Up-to-date: /home/nvidia/catkin_build_ws/install/share/common-lisp/ros/kolt/srv
-- Up-to-date: /home/nvidia/catkin_build_ws/install/share/common-lisp/ros/kolt/srv/_package.lisp
-- Up-to-date: /home/nvidia/catkin_build_ws/install/share/common-lisp/ros/kolt/srv/_package_YoloDetect.lisp
-- Up-to-date: /home/nvidia/catkin_build_ws/install/share/common-lisp/ros/kolt/srv/kolt-srv.asd
-- Up-to-date: /home/nvidia/catkin_build_ws/install/share/common-lisp/ros/kolt/srv/YoloDetect.lisp
-- Up-to-date: /home/nvidia/catkin_build_ws/install/share/gennodejs/ros/kolt
-- Up-to-date: /home/nvidia/catkin_build_ws/install/share/gennodejs/ros/kolt/msg
-- Up-to-date: /home/nvidia/catkin_build_ws/install/share/gennodejs/ros/kolt/msg/ObjectLocation.js
-- Up-to-date: /home/nvidia/catkin_build_ws/install/share/gennodejs/ros/kolt/msg/_index.js
-- Up-to-date: /home/nvidia/catkin_build_ws/install/share/gennodejs/ros/kolt/msg/ObjectLocationArray.js
-- Up-to-date: /home/nvidia/catkin_build_ws/install/share/gennodejs/ros/kolt/_index.js
-- Up-to-date: /home/nvidia/catkin_build_ws/install/share/gennodejs/ros/kolt/srv
-- Up-to-date: /home/nvidia/catkin_build_ws/install/share/gennodejs/ros/kolt/srv/YoloDetect.js
-- Up-to-date: /home/nvidia/catkin_build_ws/install/share/gennodejs/ros/kolt/srv/_index.js
Listing '/home/nvidia/catkin_build_ws/devel/.private/kolt/lib/python3/dist-packages/kolt'...
Listing '/home/nvidia/catkin_build_ws/devel/.private/kolt/lib/python3/dist-packages/kolt/msg'...
Listing '/home/nvidia/catkin_build_ws/devel/.private/kolt/lib/python3/dist-packages/kolt/srv'...
-- Up-to-date: /home/nvidia/catkin_build_ws/install/lib/python3/dist-packages/kolt
-- Up-to-date: /home/nvidia/catkin_build_ws/install/lib/python3/dist-packages/kolt/msg
-- Up-to-date: /home/nvidia/catkin_build_ws/install/lib/python3/dist-packages/kolt/msg/__pycache__
-- Up-to-date: /home/nvidia/catkin_build_ws/install/lib/python3/dist-packages/kolt/msg/__pycache__/_ObjectLocation.cpython-36.pyc
-- Up-to-date: /home/nvidia/catkin_build_ws/install/lib/python3/dist-packages/kolt/msg/__pycache__/_ObjectLocationArray.cpython-36.pyc
-- Up-to-date: /home/nvidia/catkin_build_ws/install/lib/python3/dist-packages/kolt/msg/__pycache__/__init__.cpython-36.pyc
-- Up-to-date: /home/nvidia/catkin_build_ws/install/lib/python3/dist-packages/kolt/msg/_ObjectLocation.py
-- Up-to-date: /home/nvidia/catkin_build_ws/install/lib/python3/dist-packages/kolt/msg/_ObjectLocationArray.py
-- Up-to-date: /home/nvidia/catkin_build_ws/install/lib/python3/dist-packages/kolt/msg/__init__.py
-- Up-to-date: /home/nvidia/catkin_build_ws/install/lib/python3/dist-packages/kolt/__pycache__
-- Up-to-date: /home/nvidia/catkin_build_ws/install/lib/python3/dist-packages/kolt/__pycache__/__init__.cpython-36.pyc
-- Up-to-date: /home/nvidia/catkin_build_ws/install/lib/python3/dist-packages/kolt/srv
-- Up-to-date: /home/nvidia/catkin_build_ws/install/lib/python3/dist-packages/kolt/srv/__pycache__
-- Up-to-date: /home/nvidia/catkin_build_ws/install/lib/python3/dist-packages/kolt/srv/__pycache__/_YoloDetect.cpython-36.pyc
-- Up-to-date: /home/nvidia/catkin_build_ws/install/lib/python3/dist-packages/kolt/srv/__pycache__/__init__.cpython-36.pyc
-- Up-to-date: /home/nvidia/catkin_build_ws/install/lib/python3/dist-packages/kolt/srv/_YoloDetect.py
-- Up-to-date: /home/nvidia/catkin_build_ws/install/lib/python3/dist-packages/kolt/srv/__init__.py
-- Up-to-date: /home/nvidia/catkin_build_ws/install/lib/python3/dist-packages/kolt/__init__.py
-- Installing: /home/nvidia/catkin_build_ws/install/lib/pkgconfig/kolt.pc
-- Up-to-date: /home/nvidia/catkin_build_ws/install/share/kolt/cmake/kolt-msg-extras.cmake
-- Up-to-date: /home/nvidia/catkin_build_ws/install/share/kolt/cmake/koltConfig.cmake
-- Up-to-date: /home/nvidia/catkin_build_ws/install/share/kolt/cmake/koltConfig-version.cmake
-- Up-to-date: /home/nvidia/catkin_build_ws/install/share/kolt/package.xml
-- Installing: /home/nvidia/catkin_build_ws/install/lib/kolt/yolo_predict.py
-- Installing: /home/nvidia/catkin_build_ws/install/lib/kolt/yolo_server.py
-- Installing: /home/nvidia/catkin_build_ws/install/lib/kolt/gen_anchors.py
-- Installing: /home/nvidia/catkin_build_ws/install/lib/kolt/vision_pose.py
-- Up-to-date: /home/nvidia/catkin_build_ws/install/share/kolt/launch
-- Up-to-date: /home/nvidia/catkin_build_ws/install/share/kolt/launch/yr_zed_camera_person.launch
-- Up-to-date: /home/nvidia/catkin_build_ws/install/share/kolt/launch/includes
-- Up-to-date: /home/nvidia/catkin_build_ws/install/share/kolt/launch/includes/yolo_server_person.launch
-- Up-to-date: /home/nvidia/catkin_build_ws/install/share/kolt/launch/includes/yolo_server.launch
-- Up-to-date: /home/nvidia/catkin_build_ws/install/share/kolt/launch/yr_single_camera.launch
-- Up-to-date: /home/nvidia/catkin_build_ws/install/share/kolt/launch/yr_multiple_cameras.launch
-- Installing: /home/nvidia/catkin_build_ws/install/share/kolt/launch/k_rs_camera.launch
-- Up-to-date: /home/nvidia/catkin_build_ws/install/share/kolt/launch/yr_zed_camera.launch
-- Up-to-date: /home/nvidia/catkin_build_ws/install/share/kolt/launch/yr_train.launch
