[36m--[0m Using CATKIN_DEVEL_PREFIX: /home/nvidia/catkin_build_ws/devel/.private/kolt
[36m--[0m Using CMAKE_PREFIX_PATH: /home/nvidia/catkin_build_ws/install;/opt/ros/melodic;/home/nvidia/catkin_build_ws/devel
[36m--[0m This workspace overlays: /home/nvidia/catkin_build_ws/install;/opt/ros/melodic
[36m--[0m Found PythonInterp: /usr/bin/python3 (found suitable version "3.6.9", minimum required is "2")
[36m--[0m Using PYTHON_EXECUTABLE: /usr/bin/python3
[36m--[0m Using Debian Python package layout
[36m--[0m Using empy: /usr/bin/empy
[36m--[0m Using CATKIN_ENABLE_TESTING: ON
[36m--[0m Call enable_testing()
[36m--[0m Using CATKIN_TEST_RESULTS_DIR: /home/nvidia/catkin_build_ws/build/kolt/test_results
[36m--[0m Found gtest sources under '/usr/src/googletest': gtests will be built
[36m--[0m Found gmock sources under '/usr/src/googletest': gmock will be built
[36m--[0m Found PythonInterp: /usr/bin/python3 (found version "3.6.9")
[36m--[0m Using Python nosetests: /usr/bin/nosetests
[36m--[0m catkin 0.7.20
[36m--[0m BUILD_SHARED_LIBS is on
[36m--[0m Using these message generators: gencpp;geneus;genlisp;gennodejs;genpy
[36m--[0m kolt: 2 messages, 1 services
[31m[1mCMake Error[0m at /home/nvidia/catkin_build_ws/src/kolt_ros/CMakeLists.txt:153 (add_dependencies):
  Cannot add target-level dependencies to non-existent target "kolt_node".

  The add_dependencies works for top-level logical targets created by the
  add_executable, add_library, or add_custom_target commands.  If you want to
  add file-level dependencies see the DEPENDS option of the add_custom_target
  and add_custom_command commands.


[31m[1mCMake Error[0m at /opt/ros/melodic/share/catkin/cmake/custom_install.cmake:13 (_install):
  _install TARGETS given target "kolt" which does not exist.
[36mCall Stack (most recent call first):[0m
  CMakeLists.txt:175 (install)


[36m--[0m Configuring incomplete, errors occurred!
See also "/home/nvidia/catkin_build_ws/build/kolt/CMakeFiles/CMakeOutput.log".
See also "/home/nvidia/catkin_build_ws/build/kolt/CMakeFiles/CMakeError.log".
Makefile:796: recipe for target 'cmake_check_build_system' failed
make: *** [cmake_check_build_system] Error 1
