Symlinking /home/nvidia/catkin_build_ws/devel/include/kolt/ObjectLocation.h
Symlinking /home/nvidia/catkin_build_ws/devel/include/kolt/YoloDetectRequest.h
Symlinking /home/nvidia/catkin_build_ws/devel/include/kolt/ObjectLocationArray.h
Symlinking /home/nvidia/catkin_build_ws/devel/include/kolt/YoloDetectResponse.h
Symlinking /home/nvidia/catkin_build_ws/devel/include/kolt/YoloDetect.h
Symlinking /home/nvidia/catkin_build_ws/devel/share/gennodejs/ros/kolt/_index.js
Symlinking /home/nvidia/catkin_build_ws/devel/share/gennodejs/ros/kolt/msg/ObjectLocation.js
Symlinking /home/nvidia/catkin_build_ws/devel/share/gennodejs/ros/kolt/msg/_index.js
Symlinking /home/nvidia/catkin_build_ws/devel/share/gennodejs/ros/kolt/msg/ObjectLocationArray.js
Symlinking /home/nvidia/catkin_build_ws/devel/share/gennodejs/ros/kolt/srv/YoloDetect.js
Symlinking /home/nvidia/catkin_build_ws/devel/share/gennodejs/ros/kolt/srv/_index.js
Symlinking /home/nvidia/catkin_build_ws/devel/share/common-lisp/ros/kolt/msg/_package.lisp
Symlinking /home/nvidia/catkin_build_ws/devel/share/common-lisp/ros/kolt/msg/_package_ObjectLocationArray.lisp
Symlinking /home/nvidia/catkin_build_ws/devel/share/common-lisp/ros/kolt/msg/_package_ObjectLocation.lisp
Symlinking /home/nvidia/catkin_build_ws/devel/share/common-lisp/ros/kolt/msg/ObjectLocation.lisp
Symlinking /home/nvidia/catkin_build_ws/devel/share/common-lisp/ros/kolt/msg/ObjectLocationArray.lisp
Symlinking /home/nvidia/catkin_build_ws/devel/share/common-lisp/ros/kolt/msg/kolt-msg.asd
Symlinking /home/nvidia/catkin_build_ws/devel/share/common-lisp/ros/kolt/srv/_package.lisp
Symlinking /home/nvidia/catkin_build_ws/devel/share/common-lisp/ros/kolt/srv/_package_YoloDetect.lisp
Symlinking /home/nvidia/catkin_build_ws/devel/share/common-lisp/ros/kolt/srv/kolt-srv.asd
Symlinking /home/nvidia/catkin_build_ws/devel/share/common-lisp/ros/kolt/srv/YoloDetect.lisp
Symlinking /home/nvidia/catkin_build_ws/devel/share/kolt/cmake/koltConfig-version.cmake
Symlinking /home/nvidia/catkin_build_ws/devel/share/kolt/cmake/kolt-msg-extras.cmake
Symlinking /home/nvidia/catkin_build_ws/devel/share/kolt/cmake/kolt-msg-paths.cmake
Symlinking /home/nvidia/catkin_build_ws/devel/share/kolt/cmake/koltConfig.cmake
Symlinking /home/nvidia/catkin_build_ws/devel/share/roseus/ros/kolt/manifest.l
Symlinking /home/nvidia/catkin_build_ws/devel/share/roseus/ros/kolt/msg/ObjectLocation.l
Symlinking /home/nvidia/catkin_build_ws/devel/share/roseus/ros/kolt/msg/ObjectLocationArray.l
Symlinking /home/nvidia/catkin_build_ws/devel/share/roseus/ros/kolt/srv/YoloDetect.l
Symlinking /home/nvidia/catkin_build_ws/devel/lib/python3/dist-packages/kolt/__init__.py
Symlinking /home/nvidia/catkin_build_ws/devel/lib/python3/dist-packages/kolt/msg/_ObjectLocation.py
Symlinking /home/nvidia/catkin_build_ws/devel/lib/python3/dist-packages/kolt/msg/_ObjectLocationArray.py
Symlinking /home/nvidia/catkin_build_ws/devel/lib/python3/dist-packages/kolt/msg/__init__.py
Symlinking /home/nvidia/catkin_build_ws/devel/lib/python3/dist-packages/kolt/srv/_YoloDetect.py
Symlinking /home/nvidia/catkin_build_ws/devel/lib/python3/dist-packages/kolt/srv/__init__.py
Symlinking /home/nvidia/catkin_build_ws/devel/lib/python3/dist-packages/core/__init__.py
Symlinking /home/nvidia/catkin_build_ws/devel/lib/pkgconfig/kolt.pc
