[  0%] Built target _kolt_generate_messages_check_deps_ObjectLocationArray
[  0%] Built target std_msgs_generate_messages_lisp
[  0%] Built target geometry_msgs_generate_messages_lisp
[  0%] Built target _kolt_generate_messages_check_deps_YoloDetect
[  0%] Built target sensor_msgs_generate_messages_lisp
[  0%] Built target vision_msgs_generate_messages_lisp
[  0%] Built target _kolt_generate_messages_check_deps_ObjectLocation
[ 16%] Built target kolt_generate_messages_lisp
[ 16%] Built target sensor_msgs_generate_messages_eus
[ 16%] Built target vision_msgs_generate_messages_eus
[ 16%] Built target geometry_msgs_generate_messages_eus
[ 16%] Built target std_msgs_generate_messages_eus
[ 38%] Built target kolt_generate_messages_eus
[ 38%] Built target std_msgs_generate_messages_cpp
[ 38%] Built target sensor_msgs_generate_messages_cpp
[ 38%] Built target geometry_msgs_generate_messages_cpp
[ 38%] Built target vision_msgs_generate_messages_cpp
[ 55%] Built target kolt_generate_messages_cpp
[ 55%] Built target sensor_msgs_generate_messages_nodejs
[ 55%] Built target geometry_msgs_generate_messages_nodejs
[ 55%] Built target std_msgs_generate_messages_nodejs
[ 55%] Built target vision_msgs_generate_messages_nodejs
[ 72%] Built target kolt_generate_messages_nodejs
[ 72%] Built target sensor_msgs_generate_messages_py
[ 72%] Built target std_msgs_generate_messages_py
[ 72%] Built target vision_msgs_generate_messages_py
[ 72%] Built target geometry_msgs_generate_messages_py
[100%] Built target kolt_generate_messages_py
[100%] Built target kolt_generate_messages
[36mInstall the project...[0m
-- Install configuration: ""
-- Installing: /home/nvidia/catkin_build_ws/install/_setup_util.py
-- Installing: /home/nvidia/catkin_build_ws/install/env.sh
-- Installing: /home/nvidia/catkin_build_ws/install/setup.bash
-- Installing: /home/nvidia/catkin_build_ws/install/local_setup.bash
-- Installing: /home/nvidia/catkin_build_ws/install/setup.sh
-- Installing: /home/nvidia/catkin_build_ws/install/local_setup.sh
-- Installing: /home/nvidia/catkin_build_ws/install/setup.zsh
-- Installing: /home/nvidia/catkin_build_ws/install/local_setup.zsh
-- Installing: /home/nvidia/catkin_build_ws/install/.rosinstall
+ cd /home/nvidia/catkin_build_ws/src/kolt_ros
+ mkdir -p /home/nvidia/catkin_build_ws/install/lib/python3/dist-packages
+ /usr/bin/env PYTHONPATH=/home/nvidia/catkin_build_ws/install/lib/python3/dist-packages:/home/nvidia/catkin_build_ws/build/kolt/lib/python3/dist-packages:/home/nvidia/catkin_build_ws/install/lib/python3/dist-packages:/opt/ros/melodic/lib/python2.7/dist-packages:/usr/local/lib CATKIN_BINARY_DIR=/home/nvidia/catkin_build_ws/build/kolt /usr/bin/python3 /home/nvidia/catkin_build_ws/src/kolt_ros/setup.py build --build-base /home/nvidia/catkin_build_ws/build/kolt install --install-layout=deb --prefix=/home/nvidia/catkin_build_ws/install --install-scripts=/home/nvidia/catkin_build_ws/install/bin
running build
running build_py
creating /home/nvidia/catkin_build_ws/build/kolt/lib
creating /home/nvidia/catkin_build_ws/build/kolt/lib/core
copying src/core/preprocessing.py -> /home/nvidia/catkin_build_ws/build/kolt/lib/core
copying src/core/utils.py -> /home/nvidia/catkin_build_ws/build/kolt/lib/core
copying src/core/tracker.py -> /home/nvidia/catkin_build_ws/build/kolt/lib/core
copying src/core/kalman_filter.py -> /home/nvidia/catkin_build_ws/build/kolt/lib/core
copying src/core/__init__.py -> /home/nvidia/catkin_build_ws/build/kolt/lib/core
copying src/core/backend.py -> /home/nvidia/catkin_build_ws/build/kolt/lib/core
copying src/core/frontend.py -> /home/nvidia/catkin_build_ws/build/kolt/lib/core
running install
running install_lib
creating /home/nvidia/catkin_build_ws/install/lib/python3/dist-packages/core
copying /home/nvidia/catkin_build_ws/build/kolt/lib/core/preprocessing.py -> /home/nvidia/catkin_build_ws/install/lib/python3/dist-packages/core
copying /home/nvidia/catkin_build_ws/build/kolt/lib/core/utils.py -> /home/nvidia/catkin_build_ws/install/lib/python3/dist-packages/core
copying /home/nvidia/catkin_build_ws/build/kolt/lib/core/tracker.py -> /home/nvidia/catkin_build_ws/install/lib/python3/dist-packages/core
copying /home/nvidia/catkin_build_ws/build/kolt/lib/core/kalman_filter.py -> /home/nvidia/catkin_build_ws/install/lib/python3/dist-packages/core
copying /home/nvidia/catkin_build_ws/build/kolt/lib/core/__init__.py -> /home/nvidia/catkin_build_ws/install/lib/python3/dist-packages/core
copying /home/nvidia/catkin_build_ws/build/kolt/lib/core/backend.py -> /home/nvidia/catkin_build_ws/install/lib/python3/dist-packages/core
copying /home/nvidia/catkin_build_ws/build/kolt/lib/core/frontend.py -> /home/nvidia/catkin_build_ws/install/lib/python3/dist-packages/core
byte-compiling /home/nvidia/catkin_build_ws/install/lib/python3/dist-packages/core/preprocessing.py to preprocessing.cpython-36.pyc
byte-compiling /home/nvidia/catkin_build_ws/install/lib/python3/dist-packages/core/utils.py to utils.cpython-36.pyc
byte-compiling /home/nvidia/catkin_build_ws/install/lib/python3/dist-packages/core/tracker.py to tracker.cpython-36.pyc
byte-compiling /home/nvidia/catkin_build_ws/install/lib/python3/dist-packages/core/kalman_filter.py to kalman_filter.cpython-36.pyc
byte-compiling /home/nvidia/catkin_build_ws/install/lib/python3/dist-packages/core/__init__.py to __init__.cpython-36.pyc
byte-compiling /home/nvidia/catkin_build_ws/install/lib/python3/dist-packages/core/backend.py to backend.cpython-36.pyc
byte-compiling /home/nvidia/catkin_build_ws/install/lib/python3/dist-packages/core/frontend.py to frontend.cpython-36.pyc
running install_egg_info
Writing /home/nvidia/catkin_build_ws/install/lib/python3/dist-packages/kolt-1.0.0.egg-info
/usr/lib/python3.6/distutils/dist.py:261: UserWarning: Unknown distribution option: 'install_requires'
  warnings.warn(msg)
-- Installing: /home/nvidia/catkin_build_ws/install/share/kolt/msg/ObjectLocation.msg
-- Installing: /home/nvidia/catkin_build_ws/install/share/kolt/msg/ObjectLocationArray.msg
-- Installing: /home/nvidia/catkin_build_ws/install/share/kolt/srv/YoloDetect.srv
-- Installing: /home/nvidia/catkin_build_ws/install/share/kolt/cmake/kolt-msg-paths.cmake
-- Installing: /home/nvidia/catkin_build_ws/install/include/kolt
-- Installing: /home/nvidia/catkin_build_ws/install/include/kolt/ObjectLocation.h
-- Installing: /home/nvidia/catkin_build_ws/install/include/kolt/YoloDetectRequest.h
-- Installing: /home/nvidia/catkin_build_ws/install/include/kolt/ObjectLocationArray.h
-- Installing: /home/nvidia/catkin_build_ws/install/include/kolt/YoloDetectResponse.h
-- Installing: /home/nvidia/catkin_build_ws/install/include/kolt/YoloDetect.h
-- Installing: /home/nvidia/catkin_build_ws/install/share/roseus/ros/kolt
-- Installing: /home/nvidia/catkin_build_ws/install/share/roseus/ros/kolt/msg
-- Installing: /home/nvidia/catkin_build_ws/install/share/roseus/ros/kolt/msg/ObjectLocation.l
-- Installing: /home/nvidia/catkin_build_ws/install/share/roseus/ros/kolt/msg/ObjectLocationArray.l
-- Installing: /home/nvidia/catkin_build_ws/install/share/roseus/ros/kolt/srv
-- Installing: /home/nvidia/catkin_build_ws/install/share/roseus/ros/kolt/srv/YoloDetect.l
-- Installing: /home/nvidia/catkin_build_ws/install/share/roseus/ros/kolt/manifest.l
-- Installing: /home/nvidia/catkin_build_ws/install/share/common-lisp/ros/kolt
-- Installing: /home/nvidia/catkin_build_ws/install/share/common-lisp/ros/kolt/msg
-- Installing: /home/nvidia/catkin_build_ws/install/share/common-lisp/ros/kolt/msg/_package.lisp
-- Installing: /home/nvidia/catkin_build_ws/install/share/common-lisp/ros/kolt/msg/_package_ObjectLocationArray.lisp
-- Installing: /home/nvidia/catkin_build_ws/install/share/common-lisp/ros/kolt/msg/_package_ObjectLocation.lisp
-- Installing: /home/nvidia/catkin_build_ws/install/share/common-lisp/ros/kolt/msg/ObjectLocation.lisp
-- Installing: /home/nvidia/catkin_build_ws/install/share/common-lisp/ros/kolt/msg/ObjectLocationArray.lisp
-- Installing: /home/nvidia/catkin_build_ws/install/share/common-lisp/ros/kolt/msg/kolt-msg.asd
-- Installing: /home/nvidia/catkin_build_ws/install/share/common-lisp/ros/kolt/srv
-- Installing: /home/nvidia/catkin_build_ws/install/share/common-lisp/ros/kolt/srv/_package.lisp
-- Installing: /home/nvidia/catkin_build_ws/install/share/common-lisp/ros/kolt/srv/_package_YoloDetect.lisp
-- Installing: /home/nvidia/catkin_build_ws/install/share/common-lisp/ros/kolt/srv/kolt-srv.asd
-- Installing: /home/nvidia/catkin_build_ws/install/share/common-lisp/ros/kolt/srv/YoloDetect.lisp
-- Installing: /home/nvidia/catkin_build_ws/install/share/gennodejs/ros/kolt
-- Installing: /home/nvidia/catkin_build_ws/install/share/gennodejs/ros/kolt/msg
-- Installing: /home/nvidia/catkin_build_ws/install/share/gennodejs/ros/kolt/msg/ObjectLocation.js
-- Installing: /home/nvidia/catkin_build_ws/install/share/gennodejs/ros/kolt/msg/_index.js
-- Installing: /home/nvidia/catkin_build_ws/install/share/gennodejs/ros/kolt/msg/ObjectLocationArray.js
-- Installing: /home/nvidia/catkin_build_ws/install/share/gennodejs/ros/kolt/_index.js
-- Installing: /home/nvidia/catkin_build_ws/install/share/gennodejs/ros/kolt/srv
-- Installing: /home/nvidia/catkin_build_ws/install/share/gennodejs/ros/kolt/srv/YoloDetect.js
-- Installing: /home/nvidia/catkin_build_ws/install/share/gennodejs/ros/kolt/srv/_index.js
Listing '/home/nvidia/catkin_build_ws/devel/.private/kolt/lib/python3/dist-packages/kolt'...
Compiling '/home/nvidia/catkin_build_ws/devel/.private/kolt/lib/python3/dist-packages/kolt/__init__.py'...
Listing '/home/nvidia/catkin_build_ws/devel/.private/kolt/lib/python3/dist-packages/kolt/msg'...
Compiling '/home/nvidia/catkin_build_ws/devel/.private/kolt/lib/python3/dist-packages/kolt/msg/_ObjectLocation.py'...
Compiling '/home/nvidia/catkin_build_ws/devel/.private/kolt/lib/python3/dist-packages/kolt/msg/_ObjectLocationArray.py'...
Compiling '/home/nvidia/catkin_build_ws/devel/.private/kolt/lib/python3/dist-packages/kolt/msg/__init__.py'...
Listing '/home/nvidia/catkin_build_ws/devel/.private/kolt/lib/python3/dist-packages/kolt/srv'...
Compiling '/home/nvidia/catkin_build_ws/devel/.private/kolt/lib/python3/dist-packages/kolt/srv/_YoloDetect.py'...
Compiling '/home/nvidia/catkin_build_ws/devel/.private/kolt/lib/python3/dist-packages/kolt/srv/__init__.py'...
-- Installing: /home/nvidia/catkin_build_ws/install/lib/python3/dist-packages/kolt
-- Installing: /home/nvidia/catkin_build_ws/install/lib/python3/dist-packages/kolt/msg
-- Installing: /home/nvidia/catkin_build_ws/install/lib/python3/dist-packages/kolt/msg/__pycache__
-- Installing: /home/nvidia/catkin_build_ws/install/lib/python3/dist-packages/kolt/msg/__pycache__/_ObjectLocation.cpython-36.pyc
-- Installing: /home/nvidia/catkin_build_ws/install/lib/python3/dist-packages/kolt/msg/__pycache__/_ObjectLocationArray.cpython-36.pyc
-- Installing: /home/nvidia/catkin_build_ws/install/lib/python3/dist-packages/kolt/msg/__pycache__/__init__.cpython-36.pyc
-- Installing: /home/nvidia/catkin_build_ws/install/lib/python3/dist-packages/kolt/msg/_ObjectLocation.py
-- Installing: /home/nvidia/catkin_build_ws/install/lib/python3/dist-packages/kolt/msg/_ObjectLocationArray.py
-- Installing: /home/nvidia/catkin_build_ws/install/lib/python3/dist-packages/kolt/msg/__init__.py
-- Installing: /home/nvidia/catkin_build_ws/install/lib/python3/dist-packages/kolt/__pycache__
-- Installing: /home/nvidia/catkin_build_ws/install/lib/python3/dist-packages/kolt/__pycache__/__init__.cpython-36.pyc
-- Installing: /home/nvidia/catkin_build_ws/install/lib/python3/dist-packages/kolt/srv
-- Installing: /home/nvidia/catkin_build_ws/install/lib/python3/dist-packages/kolt/srv/__pycache__
-- Installing: /home/nvidia/catkin_build_ws/install/lib/python3/dist-packages/kolt/srv/__pycache__/_YoloDetect.cpython-36.pyc
-- Installing: /home/nvidia/catkin_build_ws/install/lib/python3/dist-packages/kolt/srv/__pycache__/__init__.cpython-36.pyc
-- Installing: /home/nvidia/catkin_build_ws/install/lib/python3/dist-packages/kolt/srv/_YoloDetect.py
-- Installing: /home/nvidia/catkin_build_ws/install/lib/python3/dist-packages/kolt/srv/__init__.py
-- Installing: /home/nvidia/catkin_build_ws/install/lib/python3/dist-packages/kolt/__init__.py
-- Installing: /home/nvidia/catkin_build_ws/install/lib/pkgconfig/kolt.pc
-- Installing: /home/nvidia/catkin_build_ws/install/share/kolt/cmake/kolt-msg-extras.cmake
-- Installing: /home/nvidia/catkin_build_ws/install/share/kolt/cmake/koltConfig.cmake
-- Installing: /home/nvidia/catkin_build_ws/install/share/kolt/cmake/koltConfig-version.cmake
-- Installing: /home/nvidia/catkin_build_ws/install/share/kolt/package.xml
-- Installing: /home/nvidia/catkin_build_ws/install/lib/kolt/yolo_predict.py
