Linked: (/home/nvidia/catkin_build_ws/devel/.private/kolt/include/kolt/ObjectLocation.h, /home/nvidia/catkin_build_ws/devel/include/kolt/ObjectLocation.h)
Linked: (/home/nvidia/catkin_build_ws/devel/.private/kolt/include/kolt/YoloDetectRequest.h, /home/nvidia/catkin_build_ws/devel/include/kolt/YoloDetectRequest.h)
Linked: (/home/nvidia/catkin_build_ws/devel/.private/kolt/include/kolt/ObjectLocationArray.h, /home/nvidia/catkin_build_ws/devel/include/kolt/ObjectLocationArray.h)
Linked: (/home/nvidia/catkin_build_ws/devel/.private/kolt/include/kolt/YoloDetectResponse.h, /home/nvidia/catkin_build_ws/devel/include/kolt/YoloDetectResponse.h)
Linked: (/home/nvidia/catkin_build_ws/devel/.private/kolt/include/kolt/YoloDetect.h, /home/nvidia/catkin_build_ws/devel/include/kolt/YoloDetect.h)
Linked: (/home/nvidia/catkin_build_ws/devel/.private/kolt/share/gennodejs/ros/kolt/_index.js, /home/nvidia/catkin_build_ws/devel/share/gennodejs/ros/kolt/_index.js)
Linked: (/home/nvidia/catkin_build_ws/devel/.private/kolt/share/gennodejs/ros/kolt/msg/ObjectLocation.js, /home/nvidia/catkin_build_ws/devel/share/gennodejs/ros/kolt/msg/ObjectLocation.js)
Linked: (/home/nvidia/catkin_build_ws/devel/.private/kolt/share/gennodejs/ros/kolt/msg/_index.js, /home/nvidia/catkin_build_ws/devel/share/gennodejs/ros/kolt/msg/_index.js)
Linked: (/home/nvidia/catkin_build_ws/devel/.private/kolt/share/gennodejs/ros/kolt/msg/ObjectLocationArray.js, /home/nvidia/catkin_build_ws/devel/share/gennodejs/ros/kolt/msg/ObjectLocationArray.js)
Linked: (/home/nvidia/catkin_build_ws/devel/.private/kolt/share/gennodejs/ros/kolt/srv/YoloDetect.js, /home/nvidia/catkin_build_ws/devel/share/gennodejs/ros/kolt/srv/YoloDetect.js)
Linked: (/home/nvidia/catkin_build_ws/devel/.private/kolt/share/gennodejs/ros/kolt/srv/_index.js, /home/nvidia/catkin_build_ws/devel/share/gennodejs/ros/kolt/srv/_index.js)
Linked: (/home/nvidia/catkin_build_ws/devel/.private/kolt/share/common-lisp/ros/kolt/msg/_package.lisp, /home/nvidia/catkin_build_ws/devel/share/common-lisp/ros/kolt/msg/_package.lisp)
Linked: (/home/nvidia/catkin_build_ws/devel/.private/kolt/share/common-lisp/ros/kolt/msg/_package_ObjectLocationArray.lisp, /home/nvidia/catkin_build_ws/devel/share/common-lisp/ros/kolt/msg/_package_ObjectLocationArray.lisp)
Linked: (/home/nvidia/catkin_build_ws/devel/.private/kolt/share/common-lisp/ros/kolt/msg/_package_ObjectLocation.lisp, /home/nvidia/catkin_build_ws/devel/share/common-lisp/ros/kolt/msg/_package_ObjectLocation.lisp)
Linked: (/home/nvidia/catkin_build_ws/devel/.private/kolt/share/common-lisp/ros/kolt/msg/ObjectLocation.lisp, /home/nvidia/catkin_build_ws/devel/share/common-lisp/ros/kolt/msg/ObjectLocation.lisp)
Linked: (/home/nvidia/catkin_build_ws/devel/.private/kolt/share/common-lisp/ros/kolt/msg/ObjectLocationArray.lisp, /home/nvidia/catkin_build_ws/devel/share/common-lisp/ros/kolt/msg/ObjectLocationArray.lisp)
Linked: (/home/nvidia/catkin_build_ws/devel/.private/kolt/share/common-lisp/ros/kolt/msg/kolt-msg.asd, /home/nvidia/catkin_build_ws/devel/share/common-lisp/ros/kolt/msg/kolt-msg.asd)
Linked: (/home/nvidia/catkin_build_ws/devel/.private/kolt/share/common-lisp/ros/kolt/srv/_package.lisp, /home/nvidia/catkin_build_ws/devel/share/common-lisp/ros/kolt/srv/_package.lisp)
Linked: (/home/nvidia/catkin_build_ws/devel/.private/kolt/share/common-lisp/ros/kolt/srv/_package_YoloDetect.lisp, /home/nvidia/catkin_build_ws/devel/share/common-lisp/ros/kolt/srv/_package_YoloDetect.lisp)
Linked: (/home/nvidia/catkin_build_ws/devel/.private/kolt/share/common-lisp/ros/kolt/srv/kolt-srv.asd, /home/nvidia/catkin_build_ws/devel/share/common-lisp/ros/kolt/srv/kolt-srv.asd)
Linked: (/home/nvidia/catkin_build_ws/devel/.private/kolt/share/common-lisp/ros/kolt/srv/YoloDetect.lisp, /home/nvidia/catkin_build_ws/devel/share/common-lisp/ros/kolt/srv/YoloDetect.lisp)
Linked: (/home/nvidia/catkin_build_ws/devel/.private/kolt/share/kolt/cmake/koltConfig-version.cmake, /home/nvidia/catkin_build_ws/devel/share/kolt/cmake/koltConfig-version.cmake)
Linked: (/home/nvidia/catkin_build_ws/devel/.private/kolt/share/kolt/cmake/kolt-msg-extras.cmake, /home/nvidia/catkin_build_ws/devel/share/kolt/cmake/kolt-msg-extras.cmake)
Linked: (/home/nvidia/catkin_build_ws/devel/.private/kolt/share/kolt/cmake/kolt-msg-paths.cmake, /home/nvidia/catkin_build_ws/devel/share/kolt/cmake/kolt-msg-paths.cmake)
Linked: (/home/nvidia/catkin_build_ws/devel/.private/kolt/share/kolt/cmake/koltConfig.cmake, /home/nvidia/catkin_build_ws/devel/share/kolt/cmake/koltConfig.cmake)
Linked: (/home/nvidia/catkin_build_ws/devel/.private/kolt/share/roseus/ros/kolt/manifest.l, /home/nvidia/catkin_build_ws/devel/share/roseus/ros/kolt/manifest.l)
Linked: (/home/nvidia/catkin_build_ws/devel/.private/kolt/share/roseus/ros/kolt/msg/ObjectLocation.l, /home/nvidia/catkin_build_ws/devel/share/roseus/ros/kolt/msg/ObjectLocation.l)
Linked: (/home/nvidia/catkin_build_ws/devel/.private/kolt/share/roseus/ros/kolt/msg/ObjectLocationArray.l, /home/nvidia/catkin_build_ws/devel/share/roseus/ros/kolt/msg/ObjectLocationArray.l)
Linked: (/home/nvidia/catkin_build_ws/devel/.private/kolt/share/roseus/ros/kolt/srv/YoloDetect.l, /home/nvidia/catkin_build_ws/devel/share/roseus/ros/kolt/srv/YoloDetect.l)
Linked: (/home/nvidia/catkin_build_ws/devel/.private/kolt/lib/python3/dist-packages/kolt/__init__.py, /home/nvidia/catkin_build_ws/devel/lib/python3/dist-packages/kolt/__init__.py)
Linked: (/home/nvidia/catkin_build_ws/devel/.private/kolt/lib/python3/dist-packages/kolt/msg/_ObjectLocation.py, /home/nvidia/catkin_build_ws/devel/lib/python3/dist-packages/kolt/msg/_ObjectLocation.py)
Linked: (/home/nvidia/catkin_build_ws/devel/.private/kolt/lib/python3/dist-packages/kolt/msg/_ObjectLocationArray.py, /home/nvidia/catkin_build_ws/devel/lib/python3/dist-packages/kolt/msg/_ObjectLocationArray.py)
Linked: (/home/nvidia/catkin_build_ws/devel/.private/kolt/lib/python3/dist-packages/kolt/msg/__init__.py, /home/nvidia/catkin_build_ws/devel/lib/python3/dist-packages/kolt/msg/__init__.py)
Linked: (/home/nvidia/catkin_build_ws/devel/.private/kolt/lib/python3/dist-packages/kolt/msg/__pycache__/_ObjectLocation.cpython-36.pyc, /home/nvidia/catkin_build_ws/devel/lib/python3/dist-packages/kolt/msg/__pycache__/_ObjectLocation.cpython-36.pyc)
Linked: (/home/nvidia/catkin_build_ws/devel/.private/kolt/lib/python3/dist-packages/kolt/msg/__pycache__/_ObjectLocationArray.cpython-36.pyc, /home/nvidia/catkin_build_ws/devel/lib/python3/dist-packages/kolt/msg/__pycache__/_ObjectLocationArray.cpython-36.pyc)
Linked: (/home/nvidia/catkin_build_ws/devel/.private/kolt/lib/python3/dist-packages/kolt/msg/__pycache__/__init__.cpython-36.pyc, /home/nvidia/catkin_build_ws/devel/lib/python3/dist-packages/kolt/msg/__pycache__/__init__.cpython-36.pyc)
Linked: (/home/nvidia/catkin_build_ws/devel/.private/kolt/lib/python3/dist-packages/kolt/__pycache__/__init__.cpython-36.pyc, /home/nvidia/catkin_build_ws/devel/lib/python3/dist-packages/kolt/__pycache__/__init__.cpython-36.pyc)
Linked: (/home/nvidia/catkin_build_ws/devel/.private/kolt/lib/python3/dist-packages/kolt/srv/_YoloDetect.py, /home/nvidia/catkin_build_ws/devel/lib/python3/dist-packages/kolt/srv/_YoloDetect.py)
Linked: (/home/nvidia/catkin_build_ws/devel/.private/kolt/lib/python3/dist-packages/kolt/srv/__init__.py, /home/nvidia/catkin_build_ws/devel/lib/python3/dist-packages/kolt/srv/__init__.py)
Linked: (/home/nvidia/catkin_build_ws/devel/.private/kolt/lib/python3/dist-packages/kolt/srv/__pycache__/_YoloDetect.cpython-36.pyc, /home/nvidia/catkin_build_ws/devel/lib/python3/dist-packages/kolt/srv/__pycache__/_YoloDetect.cpython-36.pyc)
Linked: (/home/nvidia/catkin_build_ws/devel/.private/kolt/lib/python3/dist-packages/kolt/srv/__pycache__/__init__.cpython-36.pyc, /home/nvidia/catkin_build_ws/devel/lib/python3/dist-packages/kolt/srv/__pycache__/__init__.cpython-36.pyc)
Linked: (/home/nvidia/catkin_build_ws/devel/.private/kolt/lib/python3/dist-packages/core/__init__.py, /home/nvidia/catkin_build_ws/devel/lib/python3/dist-packages/core/__init__.py)
Linked: (/home/nvidia/catkin_build_ws/devel/.private/kolt/lib/pkgconfig/kolt.pc, /home/nvidia/catkin_build_ws/devel/lib/pkgconfig/kolt.pc)
