[35m[1mScanning dependencies of target _kolt_generate_messages_check_deps_YoloDetect[0m
[35m[1mScanning dependencies of target std_msgs_generate_messages_lisp[0m
[35m[1mScanning dependencies of target _kolt_generate_messages_check_deps_ObjectLocationArray[0m
[35m[1mScanning dependencies of target geometry_msgs_generate_messages_lisp[0m
[  0%] Built target std_msgs_generate_messages_lisp
[  0%] Built target geometry_msgs_generate_messages_lisp
[35m[1mScanning dependencies of target sensor_msgs_generate_messages_lisp[0m
[35m[1mScanning dependencies of target vision_msgs_generate_messages_lisp[0m
[  0%] Built target sensor_msgs_generate_messages_lisp
[  0%] Built target vision_msgs_generate_messages_lisp
[35m[1mScanning dependencies of target _kolt_generate_messages_check_deps_ObjectLocation[0m
[35m[1mScanning dependencies of target sensor_msgs_generate_messages_eus[0m
[  0%] Built target _kolt_generate_messages_check_deps_ObjectLocationArray
[  0%] Built target _kolt_generate_messages_check_deps_YoloDetect
[  0%] Built target sensor_msgs_generate_messages_eus
[35m[1mScanning dependencies of target geometry_msgs_generate_messages_eus[0m
[35m[1mScanning dependencies of target vision_msgs_generate_messages_eus[0m
[35m[1mScanning dependencies of target std_msgs_generate_messages_eus[0m
[  0%] Built target vision_msgs_generate_messages_eus
[  0%] Built target std_msgs_generate_messages_eus
[  0%] Built target geometry_msgs_generate_messages_eus
[35m[1mScanning dependencies of target sensor_msgs_generate_messages_cpp[0m
[35m[1mScanning dependencies of target std_msgs_generate_messages_cpp[0m
[35m[1mScanning dependencies of target geometry_msgs_generate_messages_cpp[0m
[  0%] Built target sensor_msgs_generate_messages_cpp
[  0%] Built target geometry_msgs_generate_messages_cpp
[  0%] Built target std_msgs_generate_messages_cpp
[  0%] Built target _kolt_generate_messages_check_deps_ObjectLocation
[35m[1mScanning dependencies of target sensor_msgs_generate_messages_nodejs[0m
[35m[1mScanning dependencies of target vision_msgs_generate_messages_cpp[0m
[35m[1mScanning dependencies of target geometry_msgs_generate_messages_nodejs[0m
[35m[1mScanning dependencies of target std_msgs_generate_messages_nodejs[0m
[  0%] Built target std_msgs_generate_messages_nodejs
[  0%] Built target vision_msgs_generate_messages_cpp
[  0%] Built target geometry_msgs_generate_messages_nodejs
[  0%] Built target sensor_msgs_generate_messages_nodejs
[35m[1mScanning dependencies of target vision_msgs_generate_messages_nodejs[0m
[35m[1mScanning dependencies of target sensor_msgs_generate_messages_py[0m
[35m[1mScanning dependencies of target std_msgs_generate_messages_py[0m
[35m[1mScanning dependencies of target vision_msgs_generate_messages_py[0m
[  0%] Built target vision_msgs_generate_messages_nodejs
[  0%] Built target sensor_msgs_generate_messages_py
[  0%] Built target std_msgs_generate_messages_py
[  0%] Built target vision_msgs_generate_messages_py
[35m[1mScanning dependencies of target geometry_msgs_generate_messages_py[0m
[35m[1mScanning dependencies of target kolt_generate_messages_lisp[0m
[35m[1mScanning dependencies of target kolt_generate_messages_eus[0m
[35m[1mScanning dependencies of target kolt_generate_messages_cpp[0m
[  0%] Built target geometry_msgs_generate_messages_py
[  5%] [34m[1mGenerating Lisp code from kolt/ObjectLocation.msg[0m
[ 11%] [34m[1mGenerating EusLisp code from kolt/ObjectLocation.msg[0m
[ 16%] [34m[1mGenerating C++ code from kolt/ObjectLocation.msg[0m
[35m[1mScanning dependencies of target kolt_generate_messages_nodejs[0m
[ 22%] [34m[1mGenerating Javascript code from kolt/ObjectLocation.msg[0m
[ 27%] [34m[1mGenerating Lisp code from kolt/ObjectLocationArray.msg[0m
[ 33%] [34m[1mGenerating Javascript code from kolt/ObjectLocationArray.msg[0m
[ 38%] [34m[1mGenerating EusLisp code from kolt/ObjectLocationArray.msg[0m
[ 44%] [34m[1mGenerating Lisp code from kolt/YoloDetect.srv[0m
[ 50%] [34m[1mGenerating C++ code from kolt/ObjectLocationArray.msg[0m
[ 55%] [34m[1mGenerating Javascript code from kolt/YoloDetect.srv[0m
[ 61%] [34m[1mGenerating EusLisp code from kolt/YoloDetect.srv[0m
[ 61%] Built target kolt_generate_messages_lisp
[35m[1mScanning dependencies of target kolt_generate_messages_py[0m
[ 61%] Built target kolt_generate_messages_nodejs
[ 66%] [34m[1mGenerating Python from MSG kolt/ObjectLocation[0m
[ 72%] [34m[1mGenerating Python from MSG kolt/ObjectLocationArray[0m
[ 77%] [34m[1mGenerating C++ code from kolt/YoloDetect.srv[0m
[ 83%] [34m[1mGenerating EusLisp manifest code for kolt[0m
[ 88%] [34m[1mGenerating Python code from SRV kolt/YoloDetect[0m
[ 94%] [34m[1mGenerating Python msg __init__.py for kolt[0m
[100%] [34m[1mGenerating Python srv __init__.py for kolt[0m
[100%] Built target kolt_generate_messages_py
[100%] Built target kolt_generate_messages_cpp
[100%] Built target kolt_generate_messages_eus
[35m[1mScanning dependencies of target kolt_generate_messages[0m
[100%] Built target kolt_generate_messages
