Determining if the pthread_create exist failed with the following output:
Change Dir: /home/nvidia/catkin_build_ws/build/cv_bridge/CMakeFiles/CMakeTmp

Run Build Command:"/usr/bin/make" "cmTC_56057/fast"
/usr/bin/make -f CMakeFiles/cmTC_56057.dir/build.make CMakeFiles/cmTC_56057.dir/build
make[1]: Entering directory '/home/nvidia/catkin_build_ws/build/cv_bridge/CMakeFiles/CMakeTmp'
Building C object CMakeFiles/cmTC_56057.dir/CheckSymbolExists.c.o
/usr/bin/cc    -o CMakeFiles/cmTC_56057.dir/CheckSymbolExists.c.o   -c /home/nvidia/catkin_build_ws/build/cv_bridge/CMakeFiles/CMakeTmp/CheckSymbolExists.c
Linking C executable cmTC_56057
/usr/bin/cmake -E cmake_link_script CMakeFiles/cmTC_56057.dir/link.txt --verbose=1
/usr/bin/cc      -rdynamic CMakeFiles/cmTC_56057.dir/CheckSymbolExists.c.o  -o cmTC_56057 
CMakeFiles/cmTC_56057.dir/CheckSymbolExists.c.o: In function `main':
CheckSymbolExists.c:(.text+0x14): undefined reference to `pthread_create'
CheckSymbolExists.c:(.text+0x18): undefined reference to `pthread_create'
collect2: error: ld returned 1 exit status
CMakeFiles/cmTC_56057.dir/build.make:97: recipe for target 'cmTC_56057' failed
make[1]: *** [cmTC_56057] Error 1
make[1]: Leaving directory '/home/nvidia/catkin_build_ws/build/cv_bridge/CMakeFiles/CMakeTmp'
Makefile:126: recipe for target 'cmTC_56057/fast' failed
make: *** [cmTC_56057/fast] Error 2

File /home/nvidia/catkin_build_ws/build/cv_bridge/CMakeFiles/CMakeTmp/CheckSymbolExists.c:
/* */
#include <pthread.h>

int main(int argc, char** argv)
{
  (void)argv;
#ifndef pthread_create
  return ((int*)(&pthread_create))[argc];
#else
  (void)argc;
  return 0;
#endif
}

Determining if the function pthread_create exists in the pthreads failed with the following output:
Change Dir: /home/nvidia/catkin_build_ws/build/cv_bridge/CMakeFiles/CMakeTmp

Run Build Command:"/usr/bin/make" "cmTC_d5f79/fast"
/usr/bin/make -f CMakeFiles/cmTC_d5f79.dir/build.make CMakeFiles/cmTC_d5f79.dir/build
make[1]: Entering directory '/home/nvidia/catkin_build_ws/build/cv_bridge/CMakeFiles/CMakeTmp'
Building C object CMakeFiles/cmTC_d5f79.dir/CheckFunctionExists.c.o
/usr/bin/cc   -DCHECK_FUNCTION_EXISTS=pthread_create   -o CMakeFiles/cmTC_d5f79.dir/CheckFunctionExists.c.o   -c /usr/share/cmake-3.10/Modules/CheckFunctionExists.c
Linking C executable cmTC_d5f79
/usr/bin/cmake -E cmake_link_script CMakeFiles/cmTC_d5f79.dir/link.txt --verbose=1
/usr/bin/cc  -DCHECK_FUNCTION_EXISTS=pthread_create    -rdynamic CMakeFiles/cmTC_d5f79.dir/CheckFunctionExists.c.o  -o cmTC_d5f79 -lpthreads 
/usr/bin/ld: cannot find -lpthreads
collect2: error: ld returned 1 exit status
CMakeFiles/cmTC_d5f79.dir/build.make:97: recipe for target 'cmTC_d5f79' failed
make[1]: *** [cmTC_d5f79] Error 1
make[1]: Leaving directory '/home/nvidia/catkin_build_ws/build/cv_bridge/CMakeFiles/CMakeTmp'
Makefile:126: recipe for target 'cmTC_d5f79/fast' failed
make: *** [cmTC_d5f79/fast] Error 2


