[  0%] Built target _vision_msgs_generate_messages_check_deps_ObjectHypothesisWithPose
[  0%] Built target _vision_msgs_generate_messages_check_deps_Detection2D
[  0%] Built target sensor_msgs_generate_messages_cpp
[  0%] Built target _vision_msgs_generate_messages_check_deps_Detection3DArray
[  0%] Built target _vision_msgs_generate_messages_check_deps_BoundingBox2D
[  0%] Built target std_msgs_generate_messages_cpp
[  0%] Built target _vision_msgs_generate_messages_check_deps_VisionInfo
[  0%] Built target geometry_msgs_generate_messages_cpp
[  0%] Built target _vision_msgs_generate_messages_check_deps_Detection3D
[  0%] Built target _vision_msgs_generate_messages_check_deps_Classification3D
[  0%] Built target _vision_msgs_generate_messages_check_deps_Classification2D
[  0%] Built target _vision_msgs_generate_messages_check_deps_Detection2DArray
[  0%] Built target _vision_msgs_generate_messages_check_deps_BoundingBox3D
[  0%] Built target sensor_msgs_generate_messages_nodejs
[  0%] Built target _vision_msgs_generate_messages_check_deps_ObjectHypothesis
[  0%] Built target std_msgs_generate_messages_nodejs
[  0%] Built target geometry_msgs_generate_messages_nodejs
[  0%] Built target std_msgs_generate_messages_eus
[  0%] Built target sensor_msgs_generate_messages_eus
[  0%] Built target geometry_msgs_generate_messages_eus
[  0%] Built target std_msgs_generate_messages_py
[  0%] Built target sensor_msgs_generate_messages_py
[  0%] Built target geometry_msgs_generate_messages_py
[  0%] Built target std_msgs_generate_messages_lisp
[  0%] Built target sensor_msgs_generate_messages_lisp
[  0%] Built target geometry_msgs_generate_messages_lisp
[  1%] [34m[1mGenerating C++ code from vision_msgs/ObjectHypothesisWithPose.msg[0m
[ 21%] Built target vision_msgs_generate_messages_nodejs
[ 22%] [34m[1mGenerating EusLisp manifest code for vision_msgs[0m
[ 24%] [34m[1mGenerating C++ code from vision_msgs/VisionInfo.msg[0m
[ 40%] Built target vision_msgs_generate_messages_cpp
[ 42%] [34m[1mGenerating Python from MSG vision_msgs/Classification2D[0m
[ 43%] [34m[1mGenerating Python from MSG vision_msgs/Classification3D[0m
[35m[1mScanning dependencies of target vision_msgs_generate_messages_lisp[0m
[ 45%] [34m[1mGenerating Lisp code from vision_msgs/BoundingBox2D.msg[0m
[ 47%] [34m[1mGenerating Python from MSG vision_msgs/Detection2DArray[0m
[ 49%] [34m[1mGenerating Lisp code from vision_msgs/BoundingBox3D.msg[0m
[ 50%] [34m[1mGenerating Python from MSG vision_msgs/Detection2D[0m
[ 52%] [34m[1mGenerating Lisp code from vision_msgs/Classification2D.msg[0m
[ 54%] [34m[1mGenerating Lisp code from vision_msgs/Classification3D.msg[0m
[ 56%] [34m[1mGenerating Python from MSG vision_msgs/Detection3DArray[0m
[ 75%] Built target vision_msgs_generate_messages_eus
[ 77%] [34m[1mGenerating Python from MSG vision_msgs/Detection3D[0m
[ 78%] [34m[1mGenerating Lisp code from vision_msgs/Detection2DArray.msg[0m
[ 80%] [34m[1mGenerating Lisp code from vision_msgs/Detection2D.msg[0m
[ 82%] [34m[1mGenerating Python from MSG vision_msgs/ObjectHypothesis[0m
[ 84%] [34m[1mGenerating Lisp code from vision_msgs/Detection3DArray.msg[0m
[ 85%] [34m[1mGenerating Lisp code from vision_msgs/Detection3D.msg[0m
[ 87%] [34m[1mGenerating Python from MSG vision_msgs/ObjectHypothesisWithPose[0m
[ 89%] [34m[1mGenerating Lisp code from vision_msgs/ObjectHypothesis.msg[0m
[ 91%] [34m[1mGenerating Lisp code from vision_msgs/ObjectHypothesisWithPose.msg[0m
[ 92%] [34m[1mGenerating Python from MSG vision_msgs/VisionInfo[0m
[ 94%] [34m[1mGenerating Lisp code from vision_msgs/VisionInfo.msg[0m
[ 94%] Built target vision_msgs_generate_messages_lisp
[ 96%] [34m[1mGenerating Python msg __init__.py for vision_msgs[0m
[100%] Built target vision_msgs_generate_messages_py
[35m[1mScanning dependencies of target vision_msgs_generate_messages[0m
[100%] Built target vision_msgs_generate_messages
