Linked: (/home/nvidia/catkin_build_ws/devel/.private/vision_msgs/include/vision_msgs/BoundingBox2D.h, /home/nvidia/catkin_build_ws/devel/include/vision_msgs/BoundingBox2D.h)
Linked: (/home/nvidia/catkin_build_ws/devel/.private/vision_msgs/include/vision_msgs/BoundingBox3D.h, /home/nvidia/catkin_build_ws/devel/include/vision_msgs/BoundingBox3D.h)
Linked: (/home/nvidia/catkin_build_ws/devel/.private/vision_msgs/include/vision_msgs/Detection2D.h, /home/nvidia/catkin_build_ws/devel/include/vision_msgs/Detection2D.h)
Linked: (/home/nvidia/catkin_build_ws/devel/.private/vision_msgs/include/vision_msgs/VisionInfo.h, /home/nvidia/catkin_build_ws/devel/include/vision_msgs/VisionInfo.h)
Linked: (/home/nvidia/catkin_build_ws/devel/.private/vision_msgs/include/vision_msgs/Detection2DArray.h, /home/nvidia/catkin_build_ws/devel/include/vision_msgs/Detection2DArray.h)
Linked: (/home/nvidia/catkin_build_ws/devel/.private/vision_msgs/include/vision_msgs/Classification3D.h, /home/nvidia/catkin_build_ws/devel/include/vision_msgs/Classification3D.h)
Linked: (/home/nvidia/catkin_build_ws/devel/.private/vision_msgs/include/vision_msgs/ObjectHypothesis.h, /home/nvidia/catkin_build_ws/devel/include/vision_msgs/ObjectHypothesis.h)
Linked: (/home/nvidia/catkin_build_ws/devel/.private/vision_msgs/include/vision_msgs/Detection3DArray.h, /home/nvidia/catkin_build_ws/devel/include/vision_msgs/Detection3DArray.h)
Linked: (/home/nvidia/catkin_build_ws/devel/.private/vision_msgs/include/vision_msgs/ObjectHypothesisWithPose.h, /home/nvidia/catkin_build_ws/devel/include/vision_msgs/ObjectHypothesisWithPose.h)
Linked: (/home/nvidia/catkin_build_ws/devel/.private/vision_msgs/include/vision_msgs/Classification2D.h, /home/nvidia/catkin_build_ws/devel/include/vision_msgs/Classification2D.h)
Linked: (/home/nvidia/catkin_build_ws/devel/.private/vision_msgs/include/vision_msgs/Detection3D.h, /home/nvidia/catkin_build_ws/devel/include/vision_msgs/Detection3D.h)
Linked: (/home/nvidia/catkin_build_ws/devel/.private/vision_msgs/share/gennodejs/ros/vision_msgs/_index.js, /home/nvidia/catkin_build_ws/devel/share/gennodejs/ros/vision_msgs/_index.js)
Linked: (/home/nvidia/catkin_build_ws/devel/.private/vision_msgs/share/gennodejs/ros/vision_msgs/msg/Classification2D.js, /home/nvidia/catkin_build_ws/devel/share/gennodejs/ros/vision_msgs/msg/Classification2D.js)
Linked: (/home/nvidia/catkin_build_ws/devel/.private/vision_msgs/share/gennodejs/ros/vision_msgs/msg/VisionInfo.js, /home/nvidia/catkin_build_ws/devel/share/gennodejs/ros/vision_msgs/msg/VisionInfo.js)
Linked: (/home/nvidia/catkin_build_ws/devel/.private/vision_msgs/share/gennodejs/ros/vision_msgs/msg/Classification3D.js, /home/nvidia/catkin_build_ws/devel/share/gennodejs/ros/vision_msgs/msg/Classification3D.js)
Linked: (/home/nvidia/catkin_build_ws/devel/.private/vision_msgs/share/gennodejs/ros/vision_msgs/msg/BoundingBox2D.js, /home/nvidia/catkin_build_ws/devel/share/gennodejs/ros/vision_msgs/msg/BoundingBox2D.js)
Linked: (/home/nvidia/catkin_build_ws/devel/.private/vision_msgs/share/gennodejs/ros/vision_msgs/msg/_index.js, /home/nvidia/catkin_build_ws/devel/share/gennodejs/ros/vision_msgs/msg/_index.js)
Linked: (/home/nvidia/catkin_build_ws/devel/.private/vision_msgs/share/gennodejs/ros/vision_msgs/msg/ObjectHypothesisWithPose.js, /home/nvidia/catkin_build_ws/devel/share/gennodejs/ros/vision_msgs/msg/ObjectHypothesisWithPose.js)
Linked: (/home/nvidia/catkin_build_ws/devel/.private/vision_msgs/share/gennodejs/ros/vision_msgs/msg/BoundingBox3D.js, /home/nvidia/catkin_build_ws/devel/share/gennodejs/ros/vision_msgs/msg/BoundingBox3D.js)
Linked: (/home/nvidia/catkin_build_ws/devel/.private/vision_msgs/share/gennodejs/ros/vision_msgs/msg/Detection2D.js, /home/nvidia/catkin_build_ws/devel/share/gennodejs/ros/vision_msgs/msg/Detection2D.js)
Linked: (/home/nvidia/catkin_build_ws/devel/.private/vision_msgs/share/gennodejs/ros/vision_msgs/msg/Detection3D.js, /home/nvidia/catkin_build_ws/devel/share/gennodejs/ros/vision_msgs/msg/Detection3D.js)
Linked: (/home/nvidia/catkin_build_ws/devel/.private/vision_msgs/share/gennodejs/ros/vision_msgs/msg/Detection2DArray.js, /home/nvidia/catkin_build_ws/devel/share/gennodejs/ros/vision_msgs/msg/Detection2DArray.js)
Linked: (/home/nvidia/catkin_build_ws/devel/.private/vision_msgs/share/gennodejs/ros/vision_msgs/msg/Detection3DArray.js, /home/nvidia/catkin_build_ws/devel/share/gennodejs/ros/vision_msgs/msg/Detection3DArray.js)
Linked: (/home/nvidia/catkin_build_ws/devel/.private/vision_msgs/share/gennodejs/ros/vision_msgs/msg/ObjectHypothesis.js, /home/nvidia/catkin_build_ws/devel/share/gennodejs/ros/vision_msgs/msg/ObjectHypothesis.js)
Linked: (/home/nvidia/catkin_build_ws/devel/.private/vision_msgs/share/common-lisp/ros/vision_msgs/msg/ObjectHypothesis.lisp, /home/nvidia/catkin_build_ws/devel/share/common-lisp/ros/vision_msgs/msg/ObjectHypothesis.lisp)
Linked: (/home/nvidia/catkin_build_ws/devel/.private/vision_msgs/share/common-lisp/ros/vision_msgs/msg/Classification2D.lisp, /home/nvidia/catkin_build_ws/devel/share/common-lisp/ros/vision_msgs/msg/Classification2D.lisp)
Linked: (/home/nvidia/catkin_build_ws/devel/.private/vision_msgs/share/common-lisp/ros/vision_msgs/msg/_package.lisp, /home/nvidia/catkin_build_ws/devel/share/common-lisp/ros/vision_msgs/msg/_package.lisp)
Linked: (/home/nvidia/catkin_build_ws/devel/.private/vision_msgs/share/common-lisp/ros/vision_msgs/msg/vision_msgs-msg.asd, /home/nvidia/catkin_build_ws/devel/share/common-lisp/ros/vision_msgs/msg/vision_msgs-msg.asd)
Linked: (/home/nvidia/catkin_build_ws/devel/.private/vision_msgs/share/common-lisp/ros/vision_msgs/msg/BoundingBox2D.lisp, /home/nvidia/catkin_build_ws/devel/share/common-lisp/ros/vision_msgs/msg/BoundingBox2D.lisp)
Linked: (/home/nvidia/catkin_build_ws/devel/.private/vision_msgs/share/common-lisp/ros/vision_msgs/msg/Detection2DArray.lisp, /home/nvidia/catkin_build_ws/devel/share/common-lisp/ros/vision_msgs/msg/Detection2DArray.lisp)
Linked: (/home/nvidia/catkin_build_ws/devel/.private/vision_msgs/share/common-lisp/ros/vision_msgs/msg/Classification3D.lisp, /home/nvidia/catkin_build_ws/devel/share/common-lisp/ros/vision_msgs/msg/Classification3D.lisp)
Linked: (/home/nvidia/catkin_build_ws/devel/.private/vision_msgs/share/common-lisp/ros/vision_msgs/msg/_package_Classification2D.lisp, /home/nvidia/catkin_build_ws/devel/share/common-lisp/ros/vision_msgs/msg/_package_Classification2D.lisp)
Linked: (/home/nvidia/catkin_build_ws/devel/.private/vision_msgs/share/common-lisp/ros/vision_msgs/msg/VisionInfo.lisp, /home/nvidia/catkin_build_ws/devel/share/common-lisp/ros/vision_msgs/msg/VisionInfo.lisp)
Linked: (/home/nvidia/catkin_build_ws/devel/.private/vision_msgs/share/common-lisp/ros/vision_msgs/msg/_package_Detection3D.lisp, /home/nvidia/catkin_build_ws/devel/share/common-lisp/ros/vision_msgs/msg/_package_Detection3D.lisp)
Linked: (/home/nvidia/catkin_build_ws/devel/.private/vision_msgs/share/common-lisp/ros/vision_msgs/msg/_package_VisionInfo.lisp, /home/nvidia/catkin_build_ws/devel/share/common-lisp/ros/vision_msgs/msg/_package_VisionInfo.lisp)
Linked: (/home/nvidia/catkin_build_ws/devel/.private/vision_msgs/share/common-lisp/ros/vision_msgs/msg/_package_BoundingBox2D.lisp, /home/nvidia/catkin_build_ws/devel/share/common-lisp/ros/vision_msgs/msg/_package_BoundingBox2D.lisp)
Linked: (/home/nvidia/catkin_build_ws/devel/.private/vision_msgs/share/common-lisp/ros/vision_msgs/msg/Detection3D.lisp, /home/nvidia/catkin_build_ws/devel/share/common-lisp/ros/vision_msgs/msg/Detection3D.lisp)
Linked: (/home/nvidia/catkin_build_ws/devel/.private/vision_msgs/share/common-lisp/ros/vision_msgs/msg/_package_Detection2D.lisp, /home/nvidia/catkin_build_ws/devel/share/common-lisp/ros/vision_msgs/msg/_package_Detection2D.lisp)
Linked: (/home/nvidia/catkin_build_ws/devel/.private/vision_msgs/share/common-lisp/ros/vision_msgs/msg/ObjectHypothesisWithPose.lisp, /home/nvidia/catkin_build_ws/devel/share/common-lisp/ros/vision_msgs/msg/ObjectHypothesisWithPose.lisp)
Linked: (/home/nvidia/catkin_build_ws/devel/.private/vision_msgs/share/common-lisp/ros/vision_msgs/msg/_package_ObjectHypothesis.lisp, /home/nvidia/catkin_build_ws/devel/share/common-lisp/ros/vision_msgs/msg/_package_ObjectHypothesis.lisp)
Linked: (/home/nvidia/catkin_build_ws/devel/.private/vision_msgs/share/common-lisp/ros/vision_msgs/msg/_package_ObjectHypothesisWithPose.lisp, /home/nvidia/catkin_build_ws/devel/share/common-lisp/ros/vision_msgs/msg/_package_ObjectHypothesisWithPose.lisp)
Linked: (/home/nvidia/catkin_build_ws/devel/.private/vision_msgs/share/common-lisp/ros/vision_msgs/msg/_package_BoundingBox3D.lisp, /home/nvidia/catkin_build_ws/devel/share/common-lisp/ros/vision_msgs/msg/_package_BoundingBox3D.lisp)
Linked: (/home/nvidia/catkin_build_ws/devel/.private/vision_msgs/share/common-lisp/ros/vision_msgs/msg/_package_Classification3D.lisp, /home/nvidia/catkin_build_ws/devel/share/common-lisp/ros/vision_msgs/msg/_package_Classification3D.lisp)
Linked: (/home/nvidia/catkin_build_ws/devel/.private/vision_msgs/share/common-lisp/ros/vision_msgs/msg/Detection3DArray.lisp, /home/nvidia/catkin_build_ws/devel/share/common-lisp/ros/vision_msgs/msg/Detection3DArray.lisp)
Linked: (/home/nvidia/catkin_build_ws/devel/.private/vision_msgs/share/common-lisp/ros/vision_msgs/msg/_package_Detection2DArray.lisp, /home/nvidia/catkin_build_ws/devel/share/common-lisp/ros/vision_msgs/msg/_package_Detection2DArray.lisp)
Linked: (/home/nvidia/catkin_build_ws/devel/.private/vision_msgs/share/common-lisp/ros/vision_msgs/msg/_package_Detection3DArray.lisp, /home/nvidia/catkin_build_ws/devel/share/common-lisp/ros/vision_msgs/msg/_package_Detection3DArray.lisp)
Linked: (/home/nvidia/catkin_build_ws/devel/.private/vision_msgs/share/common-lisp/ros/vision_msgs/msg/Detection2D.lisp, /home/nvidia/catkin_build_ws/devel/share/common-lisp/ros/vision_msgs/msg/Detection2D.lisp)
Linked: (/home/nvidia/catkin_build_ws/devel/.private/vision_msgs/share/common-lisp/ros/vision_msgs/msg/BoundingBox3D.lisp, /home/nvidia/catkin_build_ws/devel/share/common-lisp/ros/vision_msgs/msg/BoundingBox3D.lisp)
Linked: (/home/nvidia/catkin_build_ws/devel/.private/vision_msgs/share/vision_msgs/cmake/vision_msgsConfig.cmake, /home/nvidia/catkin_build_ws/devel/share/vision_msgs/cmake/vision_msgsConfig.cmake)
Linked: (/home/nvidia/catkin_build_ws/devel/.private/vision_msgs/share/vision_msgs/cmake/vision_msgs-msg-paths.cmake, /home/nvidia/catkin_build_ws/devel/share/vision_msgs/cmake/vision_msgs-msg-paths.cmake)
Linked: (/home/nvidia/catkin_build_ws/devel/.private/vision_msgs/share/vision_msgs/cmake/vision_msgsConfig-version.cmake, /home/nvidia/catkin_build_ws/devel/share/vision_msgs/cmake/vision_msgsConfig-version.cmake)
Linked: (/home/nvidia/catkin_build_ws/devel/.private/vision_msgs/share/vision_msgs/cmake/vision_msgs-msg-extras.cmake, /home/nvidia/catkin_build_ws/devel/share/vision_msgs/cmake/vision_msgs-msg-extras.cmake)
Linked: (/home/nvidia/catkin_build_ws/devel/.private/vision_msgs/share/roseus/ros/vision_msgs/manifest.l, /home/nvidia/catkin_build_ws/devel/share/roseus/ros/vision_msgs/manifest.l)
Linked: (/home/nvidia/catkin_build_ws/devel/.private/vision_msgs/share/roseus/ros/vision_msgs/msg/VisionInfo.l, /home/nvidia/catkin_build_ws/devel/share/roseus/ros/vision_msgs/msg/VisionInfo.l)
Linked: (/home/nvidia/catkin_build_ws/devel/.private/vision_msgs/share/roseus/ros/vision_msgs/msg/ObjectHypothesisWithPose.l, /home/nvidia/catkin_build_ws/devel/share/roseus/ros/vision_msgs/msg/ObjectHypothesisWithPose.l)
Linked: (/home/nvidia/catkin_build_ws/devel/.private/vision_msgs/share/roseus/ros/vision_msgs/msg/ObjectHypothesis.l, /home/nvidia/catkin_build_ws/devel/share/roseus/ros/vision_msgs/msg/ObjectHypothesis.l)
Linked: (/home/nvidia/catkin_build_ws/devel/.private/vision_msgs/share/roseus/ros/vision_msgs/msg/Classification2D.l, /home/nvidia/catkin_build_ws/devel/share/roseus/ros/vision_msgs/msg/Classification2D.l)
Linked: (/home/nvidia/catkin_build_ws/devel/.private/vision_msgs/share/roseus/ros/vision_msgs/msg/BoundingBox2D.l, /home/nvidia/catkin_build_ws/devel/share/roseus/ros/vision_msgs/msg/BoundingBox2D.l)
Linked: (/home/nvidia/catkin_build_ws/devel/.private/vision_msgs/share/roseus/ros/vision_msgs/msg/BoundingBox3D.l, /home/nvidia/catkin_build_ws/devel/share/roseus/ros/vision_msgs/msg/BoundingBox3D.l)
Linked: (/home/nvidia/catkin_build_ws/devel/.private/vision_msgs/share/roseus/ros/vision_msgs/msg/Detection3D.l, /home/nvidia/catkin_build_ws/devel/share/roseus/ros/vision_msgs/msg/Detection3D.l)
Linked: (/home/nvidia/catkin_build_ws/devel/.private/vision_msgs/share/roseus/ros/vision_msgs/msg/Classification3D.l, /home/nvidia/catkin_build_ws/devel/share/roseus/ros/vision_msgs/msg/Classification3D.l)
Linked: (/home/nvidia/catkin_build_ws/devel/.private/vision_msgs/share/roseus/ros/vision_msgs/msg/Detection3DArray.l, /home/nvidia/catkin_build_ws/devel/share/roseus/ros/vision_msgs/msg/Detection3DArray.l)
Linked: (/home/nvidia/catkin_build_ws/devel/.private/vision_msgs/share/roseus/ros/vision_msgs/msg/Detection2D.l, /home/nvidia/catkin_build_ws/devel/share/roseus/ros/vision_msgs/msg/Detection2D.l)
Linked: (/home/nvidia/catkin_build_ws/devel/.private/vision_msgs/share/roseus/ros/vision_msgs/msg/Detection2DArray.l, /home/nvidia/catkin_build_ws/devel/share/roseus/ros/vision_msgs/msg/Detection2DArray.l)
Linked: (/home/nvidia/catkin_build_ws/devel/.private/vision_msgs/lib/python3/dist-packages/vision_msgs/__init__.py, /home/nvidia/catkin_build_ws/devel/lib/python3/dist-packages/vision_msgs/__init__.py)
Linked: (/home/nvidia/catkin_build_ws/devel/.private/vision_msgs/lib/python3/dist-packages/vision_msgs/msg/_Classification2D.py, /home/nvidia/catkin_build_ws/devel/lib/python3/dist-packages/vision_msgs/msg/_Classification2D.py)
Linked: (/home/nvidia/catkin_build_ws/devel/.private/vision_msgs/lib/python3/dist-packages/vision_msgs/msg/_Detection3DArray.py, /home/nvidia/catkin_build_ws/devel/lib/python3/dist-packages/vision_msgs/msg/_Detection3DArray.py)
Linked: (/home/nvidia/catkin_build_ws/devel/.private/vision_msgs/lib/python3/dist-packages/vision_msgs/msg/_ObjectHypothesis.py, /home/nvidia/catkin_build_ws/devel/lib/python3/dist-packages/vision_msgs/msg/_ObjectHypothesis.py)
Linked: (/home/nvidia/catkin_build_ws/devel/.private/vision_msgs/lib/python3/dist-packages/vision_msgs/msg/_Detection2D.py, /home/nvidia/catkin_build_ws/devel/lib/python3/dist-packages/vision_msgs/msg/_Detection2D.py)
Linked: (/home/nvidia/catkin_build_ws/devel/.private/vision_msgs/lib/python3/dist-packages/vision_msgs/msg/_VisionInfo.py, /home/nvidia/catkin_build_ws/devel/lib/python3/dist-packages/vision_msgs/msg/_VisionInfo.py)
Linked: (/home/nvidia/catkin_build_ws/devel/.private/vision_msgs/lib/python3/dist-packages/vision_msgs/msg/_BoundingBox3D.py, /home/nvidia/catkin_build_ws/devel/lib/python3/dist-packages/vision_msgs/msg/_BoundingBox3D.py)
Linked: (/home/nvidia/catkin_build_ws/devel/.private/vision_msgs/lib/python3/dist-packages/vision_msgs/msg/__init__.py, /home/nvidia/catkin_build_ws/devel/lib/python3/dist-packages/vision_msgs/msg/__init__.py)
Linked: (/home/nvidia/catkin_build_ws/devel/.private/vision_msgs/lib/python3/dist-packages/vision_msgs/msg/_BoundingBox2D.py, /home/nvidia/catkin_build_ws/devel/lib/python3/dist-packages/vision_msgs/msg/_BoundingBox2D.py)
Linked: (/home/nvidia/catkin_build_ws/devel/.private/vision_msgs/lib/python3/dist-packages/vision_msgs/msg/_Classification3D.py, /home/nvidia/catkin_build_ws/devel/lib/python3/dist-packages/vision_msgs/msg/_Classification3D.py)
Linked: (/home/nvidia/catkin_build_ws/devel/.private/vision_msgs/lib/python3/dist-packages/vision_msgs/msg/_Detection3D.py, /home/nvidia/catkin_build_ws/devel/lib/python3/dist-packages/vision_msgs/msg/_Detection3D.py)
Linked: (/home/nvidia/catkin_build_ws/devel/.private/vision_msgs/lib/python3/dist-packages/vision_msgs/msg/_Detection2DArray.py, /home/nvidia/catkin_build_ws/devel/lib/python3/dist-packages/vision_msgs/msg/_Detection2DArray.py)
Linked: (/home/nvidia/catkin_build_ws/devel/.private/vision_msgs/lib/python3/dist-packages/vision_msgs/msg/_ObjectHypothesisWithPose.py, /home/nvidia/catkin_build_ws/devel/lib/python3/dist-packages/vision_msgs/msg/_ObjectHypothesisWithPose.py)
Linked: (/home/nvidia/catkin_build_ws/devel/.private/vision_msgs/lib/python3/dist-packages/vision_msgs/msg/__pycache__/_Classification2D.cpython-36.pyc, /home/nvidia/catkin_build_ws/devel/lib/python3/dist-packages/vision_msgs/msg/__pycache__/_Classification2D.cpython-36.pyc)
Linked: (/home/nvidia/catkin_build_ws/devel/.private/vision_msgs/lib/python3/dist-packages/vision_msgs/msg/__pycache__/_ObjectHypothesis.cpython-36.pyc, /home/nvidia/catkin_build_ws/devel/lib/python3/dist-packages/vision_msgs/msg/__pycache__/_ObjectHypothesis.cpython-36.pyc)
Linked: (/home/nvidia/catkin_build_ws/devel/.private/vision_msgs/lib/python3/dist-packages/vision_msgs/msg/__pycache__/_VisionInfo.cpython-36.pyc, /home/nvidia/catkin_build_ws/devel/lib/python3/dist-packages/vision_msgs/msg/__pycache__/_VisionInfo.cpython-36.pyc)
Linked: (/home/nvidia/catkin_build_ws/devel/.private/vision_msgs/lib/python3/dist-packages/vision_msgs/msg/__pycache__/_Detection2D.cpython-36.pyc, /home/nvidia/catkin_build_ws/devel/lib/python3/dist-packages/vision_msgs/msg/__pycache__/_Detection2D.cpython-36.pyc)
Linked: (/home/nvidia/catkin_build_ws/devel/.private/vision_msgs/lib/python3/dist-packages/vision_msgs/msg/__pycache__/_Classification3D.cpython-36.pyc, /home/nvidia/catkin_build_ws/devel/lib/python3/dist-packages/vision_msgs/msg/__pycache__/_Classification3D.cpython-36.pyc)
Linked: (/home/nvidia/catkin_build_ws/devel/.private/vision_msgs/lib/python3/dist-packages/vision_msgs/msg/__pycache__/_Detection2DArray.cpython-36.pyc, /home/nvidia/catkin_build_ws/devel/lib/python3/dist-packages/vision_msgs/msg/__pycache__/_Detection2DArray.cpython-36.pyc)
Linked: (/home/nvidia/catkin_build_ws/devel/.private/vision_msgs/lib/python3/dist-packages/vision_msgs/msg/__pycache__/_BoundingBox2D.cpython-36.pyc, /home/nvidia/catkin_build_ws/devel/lib/python3/dist-packages/vision_msgs/msg/__pycache__/_BoundingBox2D.cpython-36.pyc)
Linked: (/home/nvidia/catkin_build_ws/devel/.private/vision_msgs/lib/python3/dist-packages/vision_msgs/msg/__pycache__/_ObjectHypothesisWithPose.cpython-36.pyc, /home/nvidia/catkin_build_ws/devel/lib/python3/dist-packages/vision_msgs/msg/__pycache__/_ObjectHypothesisWithPose.cpython-36.pyc)
Linked: (/home/nvidia/catkin_build_ws/devel/.private/vision_msgs/lib/python3/dist-packages/vision_msgs/msg/__pycache__/_Detection3DArray.cpython-36.pyc, /home/nvidia/catkin_build_ws/devel/lib/python3/dist-packages/vision_msgs/msg/__pycache__/_Detection3DArray.cpython-36.pyc)
Linked: (/home/nvidia/catkin_build_ws/devel/.private/vision_msgs/lib/python3/dist-packages/vision_msgs/msg/__pycache__/_BoundingBox3D.cpython-36.pyc, /home/nvidia/catkin_build_ws/devel/lib/python3/dist-packages/vision_msgs/msg/__pycache__/_BoundingBox3D.cpython-36.pyc)
Linked: (/home/nvidia/catkin_build_ws/devel/.private/vision_msgs/lib/python3/dist-packages/vision_msgs/msg/__pycache__/_Detection3D.cpython-36.pyc, /home/nvidia/catkin_build_ws/devel/lib/python3/dist-packages/vision_msgs/msg/__pycache__/_Detection3D.cpython-36.pyc)
Linked: (/home/nvidia/catkin_build_ws/devel/.private/vision_msgs/lib/python3/dist-packages/vision_msgs/msg/__pycache__/__init__.cpython-36.pyc, /home/nvidia/catkin_build_ws/devel/lib/python3/dist-packages/vision_msgs/msg/__pycache__/__init__.cpython-36.pyc)
Linked: (/home/nvidia/catkin_build_ws/devel/.private/vision_msgs/lib/python3/dist-packages/vision_msgs/__pycache__/__init__.cpython-36.pyc, /home/nvidia/catkin_build_ws/devel/lib/python3/dist-packages/vision_msgs/__pycache__/__init__.cpython-36.pyc)
Linked: (/home/nvidia/catkin_build_ws/devel/.private/vision_msgs/lib/pkgconfig/vision_msgs.pc, /home/nvidia/catkin_build_ws/devel/lib/pkgconfig/vision_msgs.pc)
