[  0%] Built target _vision_msgs_generate_messages_check_deps_ObjectHypothesisWithPose
[  0%] Built target _vision_msgs_generate_messages_check_deps_Detection2D
[  0%] Built target sensor_msgs_generate_messages_cpp
[  0%] Built target _vision_msgs_generate_messages_check_deps_Detection3DArray
[  0%] Built target _vision_msgs_generate_messages_check_deps_BoundingBox2D
[  0%] Built target std_msgs_generate_messages_cpp
[  0%] Built target _vision_msgs_generate_messages_check_deps_VisionInfo
[  0%] Built target _vision_msgs_generate_messages_check_deps_Detection3D
[  0%] Built target geometry_msgs_generate_messages_cpp
[  0%] Built target _vision_msgs_generate_messages_check_deps_Classification3D
[  0%] Built target _vision_msgs_generate_messages_check_deps_Classification2D
[  0%] Built target _vision_msgs_generate_messages_check_deps_Detection2DArray
[  0%] Built target _vision_msgs_generate_messages_check_deps_BoundingBox3D
[  0%] Built target _vision_msgs_generate_messages_check_deps_ObjectHypothesis
[ 19%] Built target vision_msgs_generate_messages_cpp
[ 19%] Built target sensor_msgs_generate_messages_nodejs
[ 19%] Built target std_msgs_generate_messages_nodejs
[ 19%] Built target geometry_msgs_generate_messages_nodejs
[ 38%] Built target vision_msgs_generate_messages_nodejs
[ 38%] Built target std_msgs_generate_messages_eus
[ 38%] Built target sensor_msgs_generate_messages_eus
[ 38%] Built target geometry_msgs_generate_messages_eus
[ 59%] Built target vision_msgs_generate_messages_eus
[ 59%] Built target std_msgs_generate_messages_py
[ 59%] Built target sensor_msgs_generate_messages_py
[ 59%] Built target geometry_msgs_generate_messages_py
[ 80%] Built target vision_msgs_generate_messages_py
[ 80%] Built target std_msgs_generate_messages_lisp
[ 80%] Built target sensor_msgs_generate_messages_lisp
[ 80%] Built target geometry_msgs_generate_messages_lisp
[100%] Built target vision_msgs_generate_messages_lisp
[100%] Built target vision_msgs_generate_messages
[36mInstall the project...[0m
-- Install configuration: ""
-- Installing: /home/nvidia/catkin_build_ws/install/_setup_util.py
-- Installing: /home/nvidia/catkin_build_ws/install/env.sh
-- Installing: /home/nvidia/catkin_build_ws/install/setup.bash
-- Installing: /home/nvidia/catkin_build_ws/install/local_setup.bash
-- Installing: /home/nvidia/catkin_build_ws/install/setup.sh
-- Installing: /home/nvidia/catkin_build_ws/install/local_setup.sh
-- Installing: /home/nvidia/catkin_build_ws/install/setup.zsh
-- Installing: /home/nvidia/catkin_build_ws/install/local_setup.zsh
-- Installing: /home/nvidia/catkin_build_ws/install/.rosinstall
-- Installing: /home/nvidia/catkin_build_ws/install/share/vision_msgs/msg/BoundingBox2D.msg
-- Installing: /home/nvidia/catkin_build_ws/install/share/vision_msgs/msg/BoundingBox3D.msg
-- Installing: /home/nvidia/catkin_build_ws/install/share/vision_msgs/msg/Classification2D.msg
-- Installing: /home/nvidia/catkin_build_ws/install/share/vision_msgs/msg/Classification3D.msg
-- Installing: /home/nvidia/catkin_build_ws/install/share/vision_msgs/msg/Detection2DArray.msg
-- Installing: /home/nvidia/catkin_build_ws/install/share/vision_msgs/msg/Detection2D.msg
-- Installing: /home/nvidia/catkin_build_ws/install/share/vision_msgs/msg/Detection3DArray.msg
-- Installing: /home/nvidia/catkin_build_ws/install/share/vision_msgs/msg/Detection3D.msg
-- Installing: /home/nvidia/catkin_build_ws/install/share/vision_msgs/msg/ObjectHypothesis.msg
-- Installing: /home/nvidia/catkin_build_ws/install/share/vision_msgs/msg/ObjectHypothesisWithPose.msg
-- Installing: /home/nvidia/catkin_build_ws/install/share/vision_msgs/msg/VisionInfo.msg
-- Installing: /home/nvidia/catkin_build_ws/install/share/vision_msgs/cmake/vision_msgs-msg-paths.cmake
-- Installing: /home/nvidia/catkin_build_ws/install/include/vision_msgs
-- Installing: /home/nvidia/catkin_build_ws/install/include/vision_msgs/BoundingBox2D.h
-- Installing: /home/nvidia/catkin_build_ws/install/include/vision_msgs/BoundingBox3D.h
-- Installing: /home/nvidia/catkin_build_ws/install/include/vision_msgs/Detection2D.h
-- Installing: /home/nvidia/catkin_build_ws/install/include/vision_msgs/VisionInfo.h
-- Installing: /home/nvidia/catkin_build_ws/install/include/vision_msgs/Detection2DArray.h
-- Installing: /home/nvidia/catkin_build_ws/install/include/vision_msgs/Classification3D.h
-- Installing: /home/nvidia/catkin_build_ws/install/include/vision_msgs/ObjectHypothesis.h
-- Installing: /home/nvidia/catkin_build_ws/install/include/vision_msgs/Detection3DArray.h
-- Installing: /home/nvidia/catkin_build_ws/install/include/vision_msgs/ObjectHypothesisWithPose.h
-- Installing: /home/nvidia/catkin_build_ws/install/include/vision_msgs/Classification2D.h
-- Installing: /home/nvidia/catkin_build_ws/install/include/vision_msgs/Detection3D.h
-- Installing: /home/nvidia/catkin_build_ws/install/share/roseus/ros/vision_msgs
-- Installing: /home/nvidia/catkin_build_ws/install/share/roseus/ros/vision_msgs/msg
-- Installing: /home/nvidia/catkin_build_ws/install/share/roseus/ros/vision_msgs/msg/VisionInfo.l
-- Installing: /home/nvidia/catkin_build_ws/install/share/roseus/ros/vision_msgs/msg/ObjectHypothesisWithPose.l
-- Installing: /home/nvidia/catkin_build_ws/install/share/roseus/ros/vision_msgs/msg/ObjectHypothesis.l
-- Installing: /home/nvidia/catkin_build_ws/install/share/roseus/ros/vision_msgs/msg/Classification2D.l
-- Installing: /home/nvidia/catkin_build_ws/install/share/roseus/ros/vision_msgs/msg/BoundingBox2D.l
-- Installing: /home/nvidia/catkin_build_ws/install/share/roseus/ros/vision_msgs/msg/BoundingBox3D.l
-- Installing: /home/nvidia/catkin_build_ws/install/share/roseus/ros/vision_msgs/msg/Detection3D.l
-- Installing: /home/nvidia/catkin_build_ws/install/share/roseus/ros/vision_msgs/msg/Classification3D.l
-- Installing: /home/nvidia/catkin_build_ws/install/share/roseus/ros/vision_msgs/msg/Detection3DArray.l
-- Installing: /home/nvidia/catkin_build_ws/install/share/roseus/ros/vision_msgs/msg/Detection2D.l
-- Installing: /home/nvidia/catkin_build_ws/install/share/roseus/ros/vision_msgs/msg/Detection2DArray.l
-- Installing: /home/nvidia/catkin_build_ws/install/share/roseus/ros/vision_msgs/manifest.l
-- Installing: /home/nvidia/catkin_build_ws/install/share/common-lisp/ros/vision_msgs
-- Installing: /home/nvidia/catkin_build_ws/install/share/common-lisp/ros/vision_msgs/msg
-- Installing: /home/nvidia/catkin_build_ws/install/share/common-lisp/ros/vision_msgs/msg/ObjectHypothesis.lisp
-- Installing: /home/nvidia/catkin_build_ws/install/share/common-lisp/ros/vision_msgs/msg/Classification2D.lisp
-- Installing: /home/nvidia/catkin_build_ws/install/share/common-lisp/ros/vision_msgs/msg/_package.lisp
-- Installing: /home/nvidia/catkin_build_ws/install/share/common-lisp/ros/vision_msgs/msg/vision_msgs-msg.asd
-- Installing: /home/nvidia/catkin_build_ws/install/share/common-lisp/ros/vision_msgs/msg/BoundingBox2D.lisp
-- Installing: /home/nvidia/catkin_build_ws/install/share/common-lisp/ros/vision_msgs/msg/Detection2DArray.lisp
-- Installing: /home/nvidia/catkin_build_ws/install/share/common-lisp/ros/vision_msgs/msg/Classification3D.lisp
-- Installing: /home/nvidia/catkin_build_ws/install/share/common-lisp/ros/vision_msgs/msg/_package_Classification2D.lisp
-- Installing: /home/nvidia/catkin_build_ws/install/share/common-lisp/ros/vision_msgs/msg/VisionInfo.lisp
-- Installing: /home/nvidia/catkin_build_ws/install/share/common-lisp/ros/vision_msgs/msg/_package_Detection3D.lisp
-- Installing: /home/nvidia/catkin_build_ws/install/share/common-lisp/ros/vision_msgs/msg/_package_VisionInfo.lisp
-- Installing: /home/nvidia/catkin_build_ws/install/share/common-lisp/ros/vision_msgs/msg/_package_BoundingBox2D.lisp
-- Installing: /home/nvidia/catkin_build_ws/install/share/common-lisp/ros/vision_msgs/msg/Detection3D.lisp
-- Installing: /home/nvidia/catkin_build_ws/install/share/common-lisp/ros/vision_msgs/msg/_package_Detection2D.lisp
-- Installing: /home/nvidia/catkin_build_ws/install/share/common-lisp/ros/vision_msgs/msg/ObjectHypothesisWithPose.lisp
-- Installing: /home/nvidia/catkin_build_ws/install/share/common-lisp/ros/vision_msgs/msg/_package_ObjectHypothesis.lisp
-- Installing: /home/nvidia/catkin_build_ws/install/share/common-lisp/ros/vision_msgs/msg/_package_ObjectHypothesisWithPose.lisp
-- Installing: /home/nvidia/catkin_build_ws/install/share/common-lisp/ros/vision_msgs/msg/_package_BoundingBox3D.lisp
-- Installing: /home/nvidia/catkin_build_ws/install/share/common-lisp/ros/vision_msgs/msg/_package_Classification3D.lisp
-- Installing: /home/nvidia/catkin_build_ws/install/share/common-lisp/ros/vision_msgs/msg/Detection3DArray.lisp
-- Installing: /home/nvidia/catkin_build_ws/install/share/common-lisp/ros/vision_msgs/msg/_package_Detection2DArray.lisp
-- Installing: /home/nvidia/catkin_build_ws/install/share/common-lisp/ros/vision_msgs/msg/_package_Detection3DArray.lisp
-- Installing: /home/nvidia/catkin_build_ws/install/share/common-lisp/ros/vision_msgs/msg/Detection2D.lisp
-- Installing: /home/nvidia/catkin_build_ws/install/share/common-lisp/ros/vision_msgs/msg/BoundingBox3D.lisp
-- Installing: /home/nvidia/catkin_build_ws/install/share/gennodejs/ros/vision_msgs
-- Installing: /home/nvidia/catkin_build_ws/install/share/gennodejs/ros/vision_msgs/msg
-- Installing: /home/nvidia/catkin_build_ws/install/share/gennodejs/ros/vision_msgs/msg/Classification2D.js
-- Installing: /home/nvidia/catkin_build_ws/install/share/gennodejs/ros/vision_msgs/msg/VisionInfo.js
-- Installing: /home/nvidia/catkin_build_ws/install/share/gennodejs/ros/vision_msgs/msg/Classification3D.js
-- Installing: /home/nvidia/catkin_build_ws/install/share/gennodejs/ros/vision_msgs/msg/BoundingBox2D.js
-- Installing: /home/nvidia/catkin_build_ws/install/share/gennodejs/ros/vision_msgs/msg/_index.js
-- Installing: /home/nvidia/catkin_build_ws/install/share/gennodejs/ros/vision_msgs/msg/ObjectHypothesisWithPose.js
-- Installing: /home/nvidia/catkin_build_ws/install/share/gennodejs/ros/vision_msgs/msg/BoundingBox3D.js
-- Installing: /home/nvidia/catkin_build_ws/install/share/gennodejs/ros/vision_msgs/msg/Detection2D.js
-- Installing: /home/nvidia/catkin_build_ws/install/share/gennodejs/ros/vision_msgs/msg/Detection3D.js
-- Installing: /home/nvidia/catkin_build_ws/install/share/gennodejs/ros/vision_msgs/msg/Detection2DArray.js
-- Installing: /home/nvidia/catkin_build_ws/install/share/gennodejs/ros/vision_msgs/msg/Detection3DArray.js
-- Installing: /home/nvidia/catkin_build_ws/install/share/gennodejs/ros/vision_msgs/msg/ObjectHypothesis.js
-- Installing: /home/nvidia/catkin_build_ws/install/share/gennodejs/ros/vision_msgs/_index.js
Listing '/home/nvidia/catkin_build_ws/devel/.private/vision_msgs/lib/python3/dist-packages/vision_msgs'...
Compiling '/home/nvidia/catkin_build_ws/devel/.private/vision_msgs/lib/python3/dist-packages/vision_msgs/__init__.py'...
Listing '/home/nvidia/catkin_build_ws/devel/.private/vision_msgs/lib/python3/dist-packages/vision_msgs/msg'...
Compiling '/home/nvidia/catkin_build_ws/devel/.private/vision_msgs/lib/python3/dist-packages/vision_msgs/msg/_BoundingBox2D.py'...
Compiling '/home/nvidia/catkin_build_ws/devel/.private/vision_msgs/lib/python3/dist-packages/vision_msgs/msg/_BoundingBox3D.py'...
Compiling '/home/nvidia/catkin_build_ws/devel/.private/vision_msgs/lib/python3/dist-packages/vision_msgs/msg/_Classification2D.py'...
Compiling '/home/nvidia/catkin_build_ws/devel/.private/vision_msgs/lib/python3/dist-packages/vision_msgs/msg/_Classification3D.py'...
Compiling '/home/nvidia/catkin_build_ws/devel/.private/vision_msgs/lib/python3/dist-packages/vision_msgs/msg/_Detection2D.py'...
Compiling '/home/nvidia/catkin_build_ws/devel/.private/vision_msgs/lib/python3/dist-packages/vision_msgs/msg/_Detection2DArray.py'...
Compiling '/home/nvidia/catkin_build_ws/devel/.private/vision_msgs/lib/python3/dist-packages/vision_msgs/msg/_Detection3D.py'...
Compiling '/home/nvidia/catkin_build_ws/devel/.private/vision_msgs/lib/python3/dist-packages/vision_msgs/msg/_Detection3DArray.py'...
Compiling '/home/nvidia/catkin_build_ws/devel/.private/vision_msgs/lib/python3/dist-packages/vision_msgs/msg/_ObjectHypothesis.py'...
Compiling '/home/nvidia/catkin_build_ws/devel/.private/vision_msgs/lib/python3/dist-packages/vision_msgs/msg/_ObjectHypothesisWithPose.py'...
Compiling '/home/nvidia/catkin_build_ws/devel/.private/vision_msgs/lib/python3/dist-packages/vision_msgs/msg/_VisionInfo.py'...
Compiling '/home/nvidia/catkin_build_ws/devel/.private/vision_msgs/lib/python3/dist-packages/vision_msgs/msg/__init__.py'...
-- Installing: /home/nvidia/catkin_build_ws/install/lib/python3/dist-packages/vision_msgs
-- Installing: /home/nvidia/catkin_build_ws/install/lib/python3/dist-packages/vision_msgs/msg
-- Installing: /home/nvidia/catkin_build_ws/install/lib/python3/dist-packages/vision_msgs/msg/_Classification2D.py
-- Installing: /home/nvidia/catkin_build_ws/install/lib/python3/dist-packages/vision_msgs/msg/_Detection3DArray.py
-- Installing: /home/nvidia/catkin_build_ws/install/lib/python3/dist-packages/vision_msgs/msg/__pycache__
-- Installing: /home/nvidia/catkin_build_ws/install/lib/python3/dist-packages/vision_msgs/msg/__pycache__/_Classification2D.cpython-36.pyc
-- Installing: /home/nvidia/catkin_build_ws/install/lib/python3/dist-packages/vision_msgs/msg/__pycache__/_ObjectHypothesis.cpython-36.pyc
-- Installing: /home/nvidia/catkin_build_ws/install/lib/python3/dist-packages/vision_msgs/msg/__pycache__/_VisionInfo.cpython-36.pyc
-- Installing: /home/nvidia/catkin_build_ws/install/lib/python3/dist-packages/vision_msgs/msg/__pycache__/_Detection2D.cpython-36.pyc
-- Installing: /home/nvidia/catkin_build_ws/install/lib/python3/dist-packages/vision_msgs/msg/__pycache__/_Classification3D.cpython-36.pyc
-- Installing: /home/nvidia/catkin_build_ws/install/lib/python3/dist-packages/vision_msgs/msg/__pycache__/_Detection2DArray.cpython-36.pyc
-- Installing: /home/nvidia/catkin_build_ws/install/lib/python3/dist-packages/vision_msgs/msg/__pycache__/_BoundingBox2D.cpython-36.pyc
-- Installing: /home/nvidia/catkin_build_ws/install/lib/python3/dist-packages/vision_msgs/msg/__pycache__/_ObjectHypothesisWithPose.cpython-36.pyc
-- Installing: /home/nvidia/catkin_build_ws/install/lib/python3/dist-packages/vision_msgs/msg/__pycache__/_Detection3DArray.cpython-36.pyc
-- Installing: /home/nvidia/catkin_build_ws/install/lib/python3/dist-packages/vision_msgs/msg/__pycache__/_BoundingBox3D.cpython-36.pyc
-- Installing: /home/nvidia/catkin_build_ws/install/lib/python3/dist-packages/vision_msgs/msg/__pycache__/_Detection3D.cpython-36.pyc
-- Installing: /home/nvidia/catkin_build_ws/install/lib/python3/dist-packages/vision_msgs/msg/__pycache__/__init__.cpython-36.pyc
-- Installing: /home/nvidia/catkin_build_ws/install/lib/python3/dist-packages/vision_msgs/msg/_ObjectHypothesis.py
-- Installing: /home/nvidia/catkin_build_ws/install/lib/python3/dist-packages/vision_msgs/msg/_Detection2D.py
-- Installing: /home/nvidia/catkin_build_ws/install/lib/python3/dist-packages/vision_msgs/msg/_VisionInfo.py
-- Installing: /home/nvidia/catkin_build_ws/install/lib/python3/dist-packages/vision_msgs/msg/_BoundingBox3D.py
-- Installing: /home/nvidia/catkin_build_ws/install/lib/python3/dist-packages/vision_msgs/msg/__init__.py
-- Installing: /home/nvidia/catkin_build_ws/install/lib/python3/dist-packages/vision_msgs/msg/_BoundingBox2D.py
-- Installing: /home/nvidia/catkin_build_ws/install/lib/python3/dist-packages/vision_msgs/msg/_Classification3D.py
-- Installing: /home/nvidia/catkin_build_ws/install/lib/python3/dist-packages/vision_msgs/msg/_Detection3D.py
-- Installing: /home/nvidia/catkin_build_ws/install/lib/python3/dist-packages/vision_msgs/msg/_Detection2DArray.py
-- Installing: /home/nvidia/catkin_build_ws/install/lib/python3/dist-packages/vision_msgs/msg/_ObjectHypothesisWithPose.py
-- Installing: /home/nvidia/catkin_build_ws/install/lib/python3/dist-packages/vision_msgs/__pycache__
-- Installing: /home/nvidia/catkin_build_ws/install/lib/python3/dist-packages/vision_msgs/__pycache__/__init__.cpython-36.pyc
-- Installing: /home/nvidia/catkin_build_ws/install/lib/python3/dist-packages/vision_msgs/__init__.py
-- Installing: /home/nvidia/catkin_build_ws/install/lib/pkgconfig/vision_msgs.pc
-- Installing: /home/nvidia/catkin_build_ws/install/share/vision_msgs/cmake/vision_msgs-msg-extras.cmake
-- Installing: /home/nvidia/catkin_build_ws/install/share/vision_msgs/cmake/vision_msgsConfig.cmake
-- Installing: /home/nvidia/catkin_build_ws/install/share/vision_msgs/cmake/vision_msgsConfig-version.cmake
-- Installing: /home/nvidia/catkin_build_ws/install/share/vision_msgs/package.xml
-- Up-to-date: /home/nvidia/catkin_build_ws/install/include/vision_msgs
-- Installing: /home/nvidia/catkin_build_ws/install/include/vision_msgs/create_aabb.h
