Not searching for unused variables given on the command line.
[36m--[0m Using CATKIN_DEVEL_PREFIX: /home/nvidia/catkin_build_ws/devel/.private/cv_bridge
[36m--[0m Using CMAKE_PREFIX_PATH: /home/nvidia/catkin_build_ws/install;/home/nvidia/catkin_ws/devel;/opt/ros/melodic
[36m--[0m This workspace overlays: /home/nvidia/catkin_build_ws/install;/home/nvidia/catkin_ws/devel;/opt/ros/melodic
[36m--[0m Found PythonInterp: /usr/bin/python3 (found suitable version "3.6.9", minimum required is "2")
[36m--[0m Using PYTHON_EXECUTABLE: /usr/bin/python3
[36m--[0m Using Debian Python package layout
[36m--[0m Using empy: /usr/bin/empy
[36m--[0m Using CATKIN_ENABLE_TESTING: ON
[36m--[0m Call enable_testing()
[36m--[0m Using CATKIN_TEST_RESULTS_DIR: /home/nvidia/catkin_build_ws/build/cv_bridge/test_results
[36m--[0m Found gtest sources under '/usr/src/googletest': gtests will be built
[36m--[0m Found gmock sources under '/usr/src/googletest': gmock will be built
[36m--[0m Found PythonInterp: /usr/bin/python3 (found version "3.6.9")
[36m--[0m Using Python nosetests: /usr/bin/nosetests
[36m--[0m catkin 0.7.20
[36m--[0m BUILD_SHARED_LIBS is on
[33m[1mCMake Warning[0m at /usr/share/cmake-3.10/Modules/FindBoost.cmake:1626 (message):
  No header defined for python3; skipping header check
[36mCall Stack (most recent call first):[0m
  CMakeLists.txt:11 (find_package)


[36m--[0m Boost version: 1.65.1
[36m--[0m Found the following Boost libraries:
[36m--[0m   python3
[36m--[0m Found OpenCV: /usr (found version "4.1.1") found components:  opencv_core opencv_imgproc opencv_imgcodecs
[36m--[0m Found PythonLibs: /usr/lib/aarch64-linux-gnu/libpython3.6m.so (found suitable version "3.6.9", minimum required is "3.6")
[36m--[0m Configuring done
[36m--[0m Generating done
[36m--[0m Build files have been written to: /home/nvidia/catkin_build_ws/build/cv_bridge
