Not searching for unused variables given on the command line.
[36m--[0m Using CATKIN_DEVEL_PREFIX: /home/nvidia/catkin_build_ws/devel/.private/cv_bridge
[36m--[0m Using CMAKE_PREFIX_PATH: /home/nvidia/catkin_build_ws/install;/home/nvidia/catkin_ws/devel;/opt/ros/melodic
[36m--[0m This workspace overlays: /home/nvidia/catkin_build_ws/install;/home/nvidia/catkin_ws/devel;/opt/ros/melodic
[36m--[0m Found PythonInterp: /usr/bin/python3 (found suitable version "3.6.9", minimum required is "2")
[36m--[0m Using PYTHON_EXECUTABLE: /usr/bin/python3
[36m--[0m Using Debian Python package layout
[36m--[0m Using empy: /usr/bin/empy
[36m--[0m Using CATKIN_ENABLE_TESTING: ON
[36m--[0m Call enable_testing()
[36m--[0m Using CATKIN_TEST_RESULTS_DIR: /home/nvidia/catkin_build_ws/build/cv_bridge/test_results
[36m--[0m Found gtest sources under '/usr/src/googletest': gtests will be built
[36m--[0m Found gmock sources under '/usr/src/googletest': gmock will be built
[36m--[0m Found PythonInterp: /usr/bin/python3 (found version "3.6.9")
[36m--[0m Using Python nosetests: /usr/bin/nosetests
[36m--[0m catkin 0.7.20
[36m--[0m BUILD_SHARED_LIBS is on
[33m[1mCMake Warning[0m at /usr/share/cmake-3.10/Modules/FindBoost.cmake:1626 (message):
  No header defined for python3; skipping header check
[36mCall Stack (most recent call first):[0m
  CMakeLists.txt:11 (find_package)


[36m--[0m Boost version: 1.65.1
[36m--[0m Found the following Boost libraries:
[36m--[0m   python3
[31m[1mCMake Error[0m at /home/nvidia/catkin_build_ws/src/vision_opencv/cv_bridge/CMakeLists.txt:16 (find_package):
  Could not find a configuration file for package "OpenCV" that is compatible
  with requested version "3".

  The following configuration files were considered but not accepted:

    /usr/lib/aarch64-linux-gnu/cmake/opencv4/OpenCVConfig.cmake, version: 4.1.1



[36m--[0m Configuring incomplete, errors occurred!
See also "/home/nvidia/catkin_build_ws/build/cv_bridge/CMakeFiles/CMakeOutput.log".
See also "/home/nvidia/catkin_build_ws/build/cv_bridge/CMakeFiles/CMakeError.log".
