Determining if the pthread_create exist failed with the following output:
Change Dir: /home/nvidia/catkin_build_ws/build/kolt/CMakeFiles/CMakeTmp

Run Build Command:"/usr/bin/make" "cmTC_fa106/fast"
/usr/bin/make -f CMakeFiles/cmTC_fa106.dir/build.make CMakeFiles/cmTC_fa106.dir/build
make[1]: Entering directory '/home/nvidia/catkin_build_ws/build/kolt/CMakeFiles/CMakeTmp'
Building C object CMakeFiles/cmTC_fa106.dir/CheckSymbolExists.c.o
/usr/bin/cc    -o CMakeFiles/cmTC_fa106.dir/CheckSymbolExists.c.o   -c /home/nvidia/catkin_build_ws/build/kolt/CMakeFiles/CMakeTmp/CheckSymbolExists.c
Linking C executable cmTC_fa106
/home/nvidia/catkin_build_ws/src/kolt_ros/cmake-3.13.0/bin/cmake -E cmake_link_script CMakeFiles/cmTC_fa106.dir/link.txt --verbose=1
/usr/bin/cc      -rdynamic CMakeFiles/cmTC_fa106.dir/CheckSymbolExists.c.o  -o cmTC_fa106 
CMakeFiles/cmTC_fa106.dir/CheckSymbolExists.c.o: In function `main':
CheckSymbolExists.c:(.text+0x14): undefined reference to `pthread_create'
CheckSymbolExists.c:(.text+0x18): undefined reference to `pthread_create'
collect2: error: ld returned 1 exit status
CMakeFiles/cmTC_fa106.dir/build.make:86: recipe for target 'cmTC_fa106' failed
make[1]: *** [cmTC_fa106] Error 1
make[1]: Leaving directory '/home/nvidia/catkin_build_ws/build/kolt/CMakeFiles/CMakeTmp'
Makefile:121: recipe for target 'cmTC_fa106/fast' failed
make: *** [cmTC_fa106/fast] Error 2

File /home/nvidia/catkin_build_ws/build/kolt/CMakeFiles/CMakeTmp/CheckSymbolExists.c:
/* */
#include <pthread.h>

int main(int argc, char** argv)
{
  (void)argv;
#ifndef pthread_create
  return ((int*)(&pthread_create))[argc];
#else
  (void)argc;
  return 0;
#endif
}

Determining if the function pthread_create exists in the pthreads failed with the following output:
Change Dir: /home/nvidia/catkin_build_ws/build/kolt/CMakeFiles/CMakeTmp

Run Build Command:"/usr/bin/make" "cmTC_078d9/fast"
/usr/bin/make -f CMakeFiles/cmTC_078d9.dir/build.make CMakeFiles/cmTC_078d9.dir/build
make[1]: Entering directory '/home/nvidia/catkin_build_ws/build/kolt/CMakeFiles/CMakeTmp'
Building C object CMakeFiles/cmTC_078d9.dir/CheckFunctionExists.c.o
/usr/bin/cc   -DCHECK_FUNCTION_EXISTS=pthread_create   -o CMakeFiles/cmTC_078d9.dir/CheckFunctionExists.c.o   -c /home/nvidia/catkin_build_ws/src/kolt_ros/cmake-3.13.0/Modules/CheckFunctionExists.c
Linking C executable cmTC_078d9
/home/nvidia/catkin_build_ws/src/kolt_ros/cmake-3.13.0/bin/cmake -E cmake_link_script CMakeFiles/cmTC_078d9.dir/link.txt --verbose=1
/usr/bin/cc  -DCHECK_FUNCTION_EXISTS=pthread_create    -rdynamic CMakeFiles/cmTC_078d9.dir/CheckFunctionExists.c.o  -o cmTC_078d9 -lpthreads 
/usr/bin/ld: cannot find -lpthreads
collect2: error: ld returned 1 exit status
CMakeFiles/cmTC_078d9.dir/build.make:86: recipe for target 'cmTC_078d9' failed
make[1]: *** [cmTC_078d9] Error 1
make[1]: Leaving directory '/home/nvidia/catkin_build_ws/build/kolt/CMakeFiles/CMakeTmp'
Makefile:121: recipe for target 'cmTC_078d9/fast' failed
make: *** [cmTC_078d9/fast] Error 2


