Determining if the pthread_create exist failed with the following output:
Change Dir: /home/nvidia/catkin_build_ws/build/ddynamic_reconfigure/CMakeFiles/CMakeTmp

Run Build Command:"/usr/bin/make" "cmTC_60ccd/fast"
/usr/bin/make -f CMakeFiles/cmTC_60ccd.dir/build.make CMakeFiles/cmTC_60ccd.dir/build
make[1]: Entering directory '/home/nvidia/catkin_build_ws/build/ddynamic_reconfigure/CMakeFiles/CMakeTmp'
Building C object CMakeFiles/cmTC_60ccd.dir/CheckSymbolExists.c.o
/usr/bin/cc    -o CMakeFiles/cmTC_60ccd.dir/CheckSymbolExists.c.o   -c /home/nvidia/catkin_build_ws/build/ddynamic_reconfigure/CMakeFiles/CMakeTmp/CheckSymbolExists.c
Linking C executable cmTC_60ccd
/home/nvidia/catkin_build_ws/src/kolt_ros/cmake-3.13.0/bin/cmake -E cmake_link_script CMakeFiles/cmTC_60ccd.dir/link.txt --verbose=1
/usr/bin/cc      -rdynamic CMakeFiles/cmTC_60ccd.dir/CheckSymbolExists.c.o  -o cmTC_60ccd 
CMakeFiles/cmTC_60ccd.dir/CheckSymbolExists.c.o: In function `main':
CheckSymbolExists.c:(.text+0x14): undefined reference to `pthread_create'
CheckSymbolExists.c:(.text+0x18): undefined reference to `pthread_create'
collect2: error: ld returned 1 exit status
CMakeFiles/cmTC_60ccd.dir/build.make:86: recipe for target 'cmTC_60ccd' failed
make[1]: *** [cmTC_60ccd] Error 1
make[1]: Leaving directory '/home/nvidia/catkin_build_ws/build/ddynamic_reconfigure/CMakeFiles/CMakeTmp'
Makefile:121: recipe for target 'cmTC_60ccd/fast' failed
make: *** [cmTC_60ccd/fast] Error 2

File /home/nvidia/catkin_build_ws/build/ddynamic_reconfigure/CMakeFiles/CMakeTmp/CheckSymbolExists.c:
/* */
#include <pthread.h>

int main(int argc, char** argv)
{
  (void)argv;
#ifndef pthread_create
  return ((int*)(&pthread_create))[argc];
#else
  (void)argc;
  return 0;
#endif
}

Determining if the function pthread_create exists in the pthreads failed with the following output:
Change Dir: /home/nvidia/catkin_build_ws/build/ddynamic_reconfigure/CMakeFiles/CMakeTmp

Run Build Command:"/usr/bin/make" "cmTC_fb034/fast"
/usr/bin/make -f CMakeFiles/cmTC_fb034.dir/build.make CMakeFiles/cmTC_fb034.dir/build
make[1]: Entering directory '/home/nvidia/catkin_build_ws/build/ddynamic_reconfigure/CMakeFiles/CMakeTmp'
Building C object CMakeFiles/cmTC_fb034.dir/CheckFunctionExists.c.o
/usr/bin/cc   -DCHECK_FUNCTION_EXISTS=pthread_create   -o CMakeFiles/cmTC_fb034.dir/CheckFunctionExists.c.o   -c /home/nvidia/catkin_build_ws/src/kolt_ros/cmake-3.13.0/Modules/CheckFunctionExists.c
Linking C executable cmTC_fb034
/home/nvidia/catkin_build_ws/src/kolt_ros/cmake-3.13.0/bin/cmake -E cmake_link_script CMakeFiles/cmTC_fb034.dir/link.txt --verbose=1
/usr/bin/cc  -DCHECK_FUNCTION_EXISTS=pthread_create    -rdynamic CMakeFiles/cmTC_fb034.dir/CheckFunctionExists.c.o  -o cmTC_fb034 -lpthreads 
/usr/bin/ld: cannot find -lpthreads
collect2: error: ld returned 1 exit status
CMakeFiles/cmTC_fb034.dir/build.make:86: recipe for target 'cmTC_fb034' failed
make[1]: *** [cmTC_fb034] Error 1
make[1]: Leaving directory '/home/nvidia/catkin_build_ws/build/ddynamic_reconfigure/CMakeFiles/CMakeTmp'
Makefile:121: recipe for target 'cmTC_fb034/fast' failed
make: *** [cmTC_fb034/fast] Error 2


