Determining if the pthread_create exist failed with the following output:
Change Dir: /home/nvidia/catkin_build_ws/build/image_geometry/CMakeFiles/CMakeTmp

Run Build Command:"/usr/bin/make" "cmTC_fe882/fast"
/usr/bin/make -f CMakeFiles/cmTC_fe882.dir/build.make CMakeFiles/cmTC_fe882.dir/build
make[1]: Entering directory '/home/nvidia/catkin_build_ws/build/image_geometry/CMakeFiles/CMakeTmp'
Building C object CMakeFiles/cmTC_fe882.dir/CheckSymbolExists.c.o
/usr/bin/cc    -o CMakeFiles/cmTC_fe882.dir/CheckSymbolExists.c.o   -c /home/nvidia/catkin_build_ws/build/image_geometry/CMakeFiles/CMakeTmp/CheckSymbolExists.c
Linking C executable cmTC_fe882
/home/nvidia/catkin_build_ws/src/kolt_ros/cmake-3.13.0/bin/cmake -E cmake_link_script CMakeFiles/cmTC_fe882.dir/link.txt --verbose=1
/usr/bin/cc      -rdynamic CMakeFiles/cmTC_fe882.dir/CheckSymbolExists.c.o  -o cmTC_fe882 
CMakeFiles/cmTC_fe882.dir/CheckSymbolExists.c.o: In function `main':
CheckSymbolExists.c:(.text+0x14): undefined reference to `pthread_create'
CheckSymbolExists.c:(.text+0x18): undefined reference to `pthread_create'
collect2: error: ld returned 1 exit status
CMakeFiles/cmTC_fe882.dir/build.make:86: recipe for target 'cmTC_fe882' failed
make[1]: *** [cmTC_fe882] Error 1
make[1]: Leaving directory '/home/nvidia/catkin_build_ws/build/image_geometry/CMakeFiles/CMakeTmp'
Makefile:121: recipe for target 'cmTC_fe882/fast' failed
make: *** [cmTC_fe882/fast] Error 2

File /home/nvidia/catkin_build_ws/build/image_geometry/CMakeFiles/CMakeTmp/CheckSymbolExists.c:
/* */
#include <pthread.h>

int main(int argc, char** argv)
{
  (void)argv;
#ifndef pthread_create
  return ((int*)(&pthread_create))[argc];
#else
  (void)argc;
  return 0;
#endif
}

Determining if the function pthread_create exists in the pthreads failed with the following output:
Change Dir: /home/nvidia/catkin_build_ws/build/image_geometry/CMakeFiles/CMakeTmp

Run Build Command:"/usr/bin/make" "cmTC_342cc/fast"
/usr/bin/make -f CMakeFiles/cmTC_342cc.dir/build.make CMakeFiles/cmTC_342cc.dir/build
make[1]: Entering directory '/home/nvidia/catkin_build_ws/build/image_geometry/CMakeFiles/CMakeTmp'
Building C object CMakeFiles/cmTC_342cc.dir/CheckFunctionExists.c.o
/usr/bin/cc   -DCHECK_FUNCTION_EXISTS=pthread_create   -o CMakeFiles/cmTC_342cc.dir/CheckFunctionExists.c.o   -c /home/nvidia/catkin_build_ws/src/kolt_ros/cmake-3.13.0/Modules/CheckFunctionExists.c
Linking C executable cmTC_342cc
/home/nvidia/catkin_build_ws/src/kolt_ros/cmake-3.13.0/bin/cmake -E cmake_link_script CMakeFiles/cmTC_342cc.dir/link.txt --verbose=1
/usr/bin/cc  -DCHECK_FUNCTION_EXISTS=pthread_create    -rdynamic CMakeFiles/cmTC_342cc.dir/CheckFunctionExists.c.o  -o cmTC_342cc -lpthreads 
/usr/bin/ld: cannot find -lpthreads
collect2: error: ld returned 1 exit status
CMakeFiles/cmTC_342cc.dir/build.make:86: recipe for target 'cmTC_342cc' failed
make[1]: *** [cmTC_342cc] Error 1
make[1]: Leaving directory '/home/nvidia/catkin_build_ws/build/image_geometry/CMakeFiles/CMakeTmp'
Makefile:121: recipe for target 'cmTC_342cc/fast' failed
make: *** [cmTC_342cc/fast] Error 2


