[ 25%] Built target ddynamic_reconfigure
[ 50%] Built target ddynamic_reconfigure_auto_update_test
[ 75%] Built target fake_dynamic_reconfigure_server
[100%] Built target test_bool_dynamic_reconfigure_server
[36mInstall the project...[0m
-- Install configuration: ""
-- Up-to-date: /home/nvidia/catkin_build_ws/install/_setup_util.py
-- Up-to-date: /home/nvidia/catkin_build_ws/install/env.sh
-- Up-to-date: /home/nvidia/catkin_build_ws/install/setup.bash
-- Up-to-date: /home/nvidia/catkin_build_ws/install/local_setup.bash
-- Up-to-date: /home/nvidia/catkin_build_ws/install/setup.sh
-- Up-to-date: /home/nvidia/catkin_build_ws/install/local_setup.sh
-- Up-to-date: /home/nvidia/catkin_build_ws/install/setup.zsh
-- Up-to-date: /home/nvidia/catkin_build_ws/install/local_setup.zsh
-- Up-to-date: /home/nvidia/catkin_build_ws/install/.rosinstall
-- Up-to-date: /home/nvidia/catkin_build_ws/install/lib/pkgconfig/ddynamic_reconfigure.pc
-- Up-to-date: /home/nvidia/catkin_build_ws/install/share/ddynamic_reconfigure/cmake/ddynamic_reconfigureConfig.cmake
-- Up-to-date: /home/nvidia/catkin_build_ws/install/share/ddynamic_reconfigure/cmake/ddynamic_reconfigureConfig-version.cmake
-- Up-to-date: /home/nvidia/catkin_build_ws/install/share/ddynamic_reconfigure/package.xml
-- Up-to-date: /home/nvidia/catkin_build_ws/install/lib/libddynamic_reconfigure.so
-- Up-to-date: /home/nvidia/catkin_build_ws/install/include/ddynamic_reconfigure
-- Up-to-date: /home/nvidia/catkin_build_ws/install/include/ddynamic_reconfigure/ddynamic_reconfigure_utils.h
-- Up-to-date: /home/nvidia/catkin_build_ws/install/include/ddynamic_reconfigure/registered_param.h
-- Up-to-date: /home/nvidia/catkin_build_ws/install/include/ddynamic_reconfigure/ddynamic_reconfigure.h
